2017-02-25 14:20:58,757 [Worker-3] INFO  c.g.t.t.d.PublishedGradleVersions - Gradle version information cache is out-of-date. Trying to update.
2017-02-25 22:37:52,476 [Worker-0] INFO  c.g.t.t.d.PublishedGradleVersions - Gradle version information cache is up-to-date. Trying to read.
2017-02-26 18:10:26,143 [Worker-121] INFO  o.e.m.c.i.e.AbstractTransferListenerAdapter - Downloading https://repo.maven.apache.org/maven2/org/springframework/boot/spring-boot-starter-parent/1.3.3.RELEASE/spring-boot-starter-parent-1.3.3.RELEASE.pom
2017-02-26 18:10:26,191 [Worker-121] INFO  o.e.m.c.i.e.AbstractTransferListenerAdapter - Downloaded https://repo.maven.apache.org/maven2/org/springframework/boot/spring-boot-starter-parent/1.3.3.RELEASE/spring-boot-starter-parent-1.3.3.RELEASE.pom
2017-02-26 18:10:26,233 [Worker-121] INFO  o.e.m.c.i.e.AbstractTransferListenerAdapter - Downloading https://repo.maven.apache.org/maven2/org/springframework/boot/spring-boot-dependencies/1.3.3.RELEASE/spring-boot-dependencies-1.3.3.RELEASE.pom
2017-02-26 18:10:26,339 [Worker-121] INFO  o.e.m.c.i.e.AbstractTransferListenerAdapter - Downloaded https://repo.maven.apache.org/maven2/org/springframework/boot/spring-boot-dependencies/1.3.3.RELEASE/spring-boot-dependencies-1.3.3.RELEASE.pom
2017-02-26 18:10:26,452 [Worker-121] INFO  o.e.m.c.i.e.AbstractTransferListenerAdapter - Downloading https://repo.maven.apache.org/maven2/org/springframework/spring-framework-bom/4.2.5.RELEASE/spring-framework-bom-4.2.5.RELEASE.pom
2017-02-26 18:10:26,497 [Worker-121] INFO  o.e.m.c.i.e.AbstractTransferListenerAdapter - Downloaded https://repo.maven.apache.org/maven2/org/springframework/spring-framework-bom/4.2.5.RELEASE/spring-framework-bom-4.2.5.RELEASE.pom
2017-02-26 18:10:26,587 [Worker-121] INFO  o.e.m.c.i.e.AbstractTransferListenerAdapter - Downloading https://repo.maven.apache.org/maven2/org/springframework/data/spring-data-releasetrain/Gosling-SR4/spring-data-releasetrain-Gosling-SR4.pom
2017-02-26 18:10:26,623 [Worker-121] INFO  o.e.m.c.i.e.AbstractTransferListenerAdapter - Downloaded https://repo.maven.apache.org/maven2/org/springframework/data/spring-data-releasetrain/Gosling-SR4/spring-data-releasetrain-Gosling-SR4.pom
2017-02-26 18:10:26,657 [Worker-121] INFO  o.e.m.c.i.e.AbstractTransferListenerAdapter - Downloading https://repo.maven.apache.org/maven2/org/springframework/data/build/spring-data-build/1.7.4.RELEASE/spring-data-build-1.7.4.RELEASE.pom
2017-02-26 18:10:26,692 [Worker-121] INFO  o.e.m.c.i.e.AbstractTransferListenerAdapter - Downloaded https://repo.maven.apache.org/maven2/org/springframework/data/build/spring-data-build/1.7.4.RELEASE/spring-data-build-1.7.4.RELEASE.pom
2017-02-26 18:10:26,729 [Worker-121] INFO  o.e.m.c.i.e.AbstractTransferListenerAdapter - Downloading https://repo.maven.apache.org/maven2/org/springframework/integration/spring-integration-bom/4.2.5.RELEASE/spring-integration-bom-4.2.5.RELEASE.pom
2017-02-26 18:10:26,769 [Worker-121] INFO  o.e.m.c.i.e.AbstractTransferListenerAdapter - Downloaded https://repo.maven.apache.org/maven2/org/springframework/integration/spring-integration-bom/4.2.5.RELEASE/spring-integration-bom-4.2.5.RELEASE.pom
2017-02-26 18:10:26,805 [Worker-121] INFO  o.e.m.c.i.e.AbstractTransferListenerAdapter - Downloading https://repo.maven.apache.org/maven2/org/springframework/security/spring-security-bom/4.0.3.RELEASE/spring-security-bom-4.0.3.RELEASE.pom
2017-02-26 18:10:26,842 [Worker-121] INFO  o.e.m.c.i.e.AbstractTransferListenerAdapter - Downloaded https://repo.maven.apache.org/maven2/org/springframework/security/spring-security-bom/4.0.3.RELEASE/spring-security-bom-4.0.3.RELEASE.pom
2017-02-26 18:10:27,595 [Worker-121] INFO  o.e.m.c.i.e.AbstractTransferListenerAdapter - Downloading https://repo.maven.apache.org/maven2/org/springframework/boot/spring-boot-maven-plugin/1.3.3.RELEASE/spring-boot-maven-plugin-1.3.3.RELEASE.pom
2017-02-26 18:10:27,642 [Worker-121] INFO  o.e.m.c.i.e.AbstractTransferListenerAdapter - Downloaded https://repo.maven.apache.org/maven2/org/springframework/boot/spring-boot-maven-plugin/1.3.3.RELEASE/spring-boot-maven-plugin-1.3.3.RELEASE.pom
2017-02-26 18:10:27,682 [Worker-121] INFO  o.e.m.c.i.e.AbstractTransferListenerAdapter - Downloading https://repo.maven.apache.org/maven2/org/springframework/boot/spring-boot-tools/1.3.3.RELEASE/spring-boot-tools-1.3.3.RELEASE.pom
2017-02-26 18:10:27,733 [Worker-121] INFO  o.e.m.c.i.e.AbstractTransferListenerAdapter - Downloaded https://repo.maven.apache.org/maven2/org/springframework/boot/spring-boot-tools/1.3.3.RELEASE/spring-boot-tools-1.3.3.RELEASE.pom
2017-02-26 18:10:27,769 [Worker-121] INFO  o.e.m.c.i.e.AbstractTransferListenerAdapter - Downloading https://repo.maven.apache.org/maven2/org/springframework/boot/spring-boot-parent/1.3.3.RELEASE/spring-boot-parent-1.3.3.RELEASE.pom
2017-02-26 18:10:27,909 [Worker-121] INFO  o.e.m.c.i.e.AbstractTransferListenerAdapter - Downloaded https://repo.maven.apache.org/maven2/org/springframework/boot/spring-boot-parent/1.3.3.RELEASE/spring-boot-parent-1.3.3.RELEASE.pom
2017-02-26 18:10:27,984 [Worker-121] INFO  o.e.m.c.i.e.AbstractTransferListenerAdapter - Downloading https://repo.maven.apache.org/maven2/org/springframework/boot/spring-boot-maven-plugin/1.3.3.RELEASE/spring-boot-maven-plugin-1.3.3.RELEASE.jar
2017-02-26 18:10:28,058 [Worker-121] INFO  o.e.m.c.i.e.AbstractTransferListenerAdapter - Downloaded https://repo.maven.apache.org/maven2/org/springframework/boot/spring-boot-maven-plugin/1.3.3.RELEASE/spring-boot-maven-plugin-1.3.3.RELEASE.jar
2017-02-26 18:10:28,360 [Worker-121] INFO  o.e.m.c.i.e.AbstractTransferListenerAdapter - Downloading https://repo.maven.apache.org/maven2/org/apache/maven/plugins/maven-surefire-plugin/2.18.1/maven-surefire-plugin-2.18.1.jar
2017-02-26 18:10:28,406 [Worker-121] INFO  o.e.m.c.i.e.AbstractTransferListenerAdapter - Downloaded https://repo.maven.apache.org/maven2/org/apache/maven/plugins/maven-surefire-plugin/2.18.1/maven-surefire-plugin-2.18.1.jar
2017-02-26 18:10:28,473 [Worker-121] INFO  o.e.m.c.i.e.AbstractTransferListenerAdapter - Downloading https://repo.maven.apache.org/maven2/org/apache/maven/plugins/maven-jar-plugin/2.5/maven-jar-plugin-2.5.jar
2017-02-26 18:10:28,514 [Worker-121] INFO  o.e.m.c.i.e.AbstractTransferListenerAdapter - Downloaded https://repo.maven.apache.org/maven2/org/apache/maven/plugins/maven-jar-plugin/2.5/maven-jar-plugin-2.5.jar
2017-02-26 18:10:28,613 [Worker-121] INFO  o.e.m.c.i.e.AbstractTransferListenerAdapter - Downloading https://repo.maven.apache.org/maven2/org/apache/maven/plugins/maven-install-plugin/2.5.2/maven-install-plugin-2.5.2.jar
2017-02-26 18:10:28,670 [Worker-121] INFO  o.e.m.c.i.e.AbstractTransferListenerAdapter - Downloaded https://repo.maven.apache.org/maven2/org/apache/maven/plugins/maven-install-plugin/2.5.2/maven-install-plugin-2.5.2.jar
2017-02-26 18:10:28,723 [Worker-121] INFO  o.e.m.c.i.e.AbstractTransferListenerAdapter - Downloading https://repo.maven.apache.org/maven2/org/apache/maven/plugins/maven-deploy-plugin/2.8.2/maven-deploy-plugin-2.8.2.jar
2017-02-26 18:10:28,766 [Worker-121] INFO  o.e.m.c.i.e.AbstractTransferListenerAdapter - Downloaded https://repo.maven.apache.org/maven2/org/apache/maven/plugins/maven-deploy-plugin/2.8.2/maven-deploy-plugin-2.8.2.jar
2017-02-26 18:10:28,851 [Worker-121] INFO  o.e.m.c.i.e.AbstractTransferListenerAdapter - Downloading https://repo.maven.apache.org/maven2/org/apache/maven/plugins/maven-site-plugin/3.4/maven-site-plugin-3.4.jar
2017-02-26 18:10:28,927 [Worker-121] INFO  o.e.m.c.i.e.AbstractTransferListenerAdapter - Downloaded https://repo.maven.apache.org/maven2/org/apache/maven/plugins/maven-site-plugin/3.4/maven-site-plugin-3.4.jar
2017-02-26 18:10:29,620 [Worker-121] INFO  o.e.m.c.i.l.LifecycleMappingFactory - Using org.eclipse.m2e.jdt.JarLifecycleMapping lifecycle mapping for MavenProject: com.lexisnexis.healthcare:verifyhcp:1.0-SNAPSHOT @ /Users/Atluri/Desktop/verifyhcp/verifyhcp/pom.xml.
2017-02-26 18:10:29,670 [Worker-121] INFO  o.e.m.c.i.e.AbstractTransferListenerAdapter - Downloading https://repo.maven.apache.org/maven2/org/springframework/spring-web/4.2.5.RELEASE/spring-web-4.2.5.RELEASE.pom
2017-02-26 18:10:29,730 [Worker-121] INFO  o.e.m.c.i.e.AbstractTransferListenerAdapter - Downloaded https://repo.maven.apache.org/maven2/org/springframework/spring-web/4.2.5.RELEASE/spring-web-4.2.5.RELEASE.pom
2017-02-26 18:10:29,769 [Worker-121] INFO  o.e.m.c.i.e.AbstractTransferListenerAdapter - Downloading https://repo.maven.apache.org/maven2/org/springframework/spring-aop/4.2.5.RELEASE/spring-aop-4.2.5.RELEASE.pom
2017-02-26 18:10:29,803 [Worker-121] INFO  o.e.m.c.i.e.AbstractTransferListenerAdapter - Downloaded https://repo.maven.apache.org/maven2/org/springframework/spring-aop/4.2.5.RELEASE/spring-aop-4.2.5.RELEASE.pom
2017-02-26 18:10:29,852 [Worker-121] INFO  o.e.m.c.i.e.AbstractTransferListenerAdapter - Downloading https://repo.maven.apache.org/maven2/org/springframework/spring-beans/4.2.5.RELEASE/spring-beans-4.2.5.RELEASE.pom
2017-02-26 18:10:29,888 [Worker-121] INFO  o.e.m.c.i.e.AbstractTransferListenerAdapter - Downloaded https://repo.maven.apache.org/maven2/org/springframework/spring-beans/4.2.5.RELEASE/spring-beans-4.2.5.RELEASE.pom
2017-02-26 18:10:29,922 [Worker-121] INFO  o.e.m.c.i.e.AbstractTransferListenerAdapter - Downloading https://repo.maven.apache.org/maven2/org/springframework/spring-core/4.2.5.RELEASE/spring-core-4.2.5.RELEASE.pom
2017-02-26 18:10:29,958 [Worker-121] INFO  o.e.m.c.i.e.AbstractTransferListenerAdapter - Downloaded https://repo.maven.apache.org/maven2/org/springframework/spring-core/4.2.5.RELEASE/spring-core-4.2.5.RELEASE.pom
2017-02-26 18:10:29,994 [Worker-121] INFO  o.e.m.c.i.e.AbstractTransferListenerAdapter - Downloading https://repo.maven.apache.org/maven2/org/springframework/spring-context/4.2.5.RELEASE/spring-context-4.2.5.RELEASE.pom
2017-02-26 18:10:30,031 [Worker-121] INFO  o.e.m.c.i.e.AbstractTransferListenerAdapter - Downloaded https://repo.maven.apache.org/maven2/org/springframework/spring-context/4.2.5.RELEASE/spring-context-4.2.5.RELEASE.pom
2017-02-26 18:10:30,067 [Worker-121] INFO  o.e.m.c.i.e.AbstractTransferListenerAdapter - Downloading https://repo.maven.apache.org/maven2/org/springframework/spring-expression/4.2.5.RELEASE/spring-expression-4.2.5.RELEASE.pom
2017-02-26 18:10:30,102 [Worker-121] INFO  o.e.m.c.i.e.AbstractTransferListenerAdapter - Downloaded https://repo.maven.apache.org/maven2/org/springframework/spring-expression/4.2.5.RELEASE/spring-expression-4.2.5.RELEASE.pom
2017-02-26 18:10:30,140 [Worker-121] INFO  o.e.m.c.i.e.AbstractTransferListenerAdapter - Downloading https://repo.maven.apache.org/maven2/org/springframework/boot/spring-boot-starter-web/1.3.3.RELEASE/spring-boot-starter-web-1.3.3.RELEASE.pom
2017-02-26 18:10:30,176 [Worker-121] INFO  o.e.m.c.i.e.AbstractTransferListenerAdapter - Downloaded https://repo.maven.apache.org/maven2/org/springframework/boot/spring-boot-starter-web/1.3.3.RELEASE/spring-boot-starter-web-1.3.3.RELEASE.pom
2017-02-26 18:10:30,213 [Worker-121] INFO  o.e.m.c.i.e.AbstractTransferListenerAdapter - Downloading https://repo.maven.apache.org/maven2/org/springframework/boot/spring-boot-starters/1.3.3.RELEASE/spring-boot-starters-1.3.3.RELEASE.pom
2017-02-26 18:10:30,257 [Worker-121] INFO  o.e.m.c.i.e.AbstractTransferListenerAdapter - Downloaded https://repo.maven.apache.org/maven2/org/springframework/boot/spring-boot-starters/1.3.3.RELEASE/spring-boot-starters-1.3.3.RELEASE.pom
2017-02-26 18:10:30,298 [Worker-121] INFO  o.e.m.c.i.e.AbstractTransferListenerAdapter - Downloading https://repo.maven.apache.org/maven2/org/springframework/boot/spring-boot-starter/1.3.3.RELEASE/spring-boot-starter-1.3.3.RELEASE.pom
2017-02-26 18:10:30,335 [Worker-121] INFO  o.e.m.c.i.e.AbstractTransferListenerAdapter - Downloaded https://repo.maven.apache.org/maven2/org/springframework/boot/spring-boot-starter/1.3.3.RELEASE/spring-boot-starter-1.3.3.RELEASE.pom
2017-02-26 18:10:30,377 [Worker-121] INFO  o.e.m.c.i.e.AbstractTransferListenerAdapter - Downloading https://repo.maven.apache.org/maven2/org/springframework/boot/spring-boot/1.3.3.RELEASE/spring-boot-1.3.3.RELEASE.pom
2017-02-26 18:10:30,414 [Worker-121] INFO  o.e.m.c.i.e.AbstractTransferListenerAdapter - Downloaded https://repo.maven.apache.org/maven2/org/springframework/boot/spring-boot/1.3.3.RELEASE/spring-boot-1.3.3.RELEASE.pom
2017-02-26 18:10:30,480 [Worker-121] INFO  o.e.m.c.i.e.AbstractTransferListenerAdapter - Downloading https://repo.maven.apache.org/maven2/org/springframework/boot/spring-boot-autoconfigure/1.3.3.RELEASE/spring-boot-autoconfigure-1.3.3.RELEASE.pom
2017-02-26 18:10:30,528 [Worker-121] INFO  o.e.m.c.i.e.AbstractTransferListenerAdapter - Downloaded https://repo.maven.apache.org/maven2/org/springframework/boot/spring-boot-autoconfigure/1.3.3.RELEASE/spring-boot-autoconfigure-1.3.3.RELEASE.pom
2017-02-26 18:10:30,581 [Worker-121] INFO  o.e.m.c.i.e.AbstractTransferListenerAdapter - Downloading https://repo.maven.apache.org/maven2/org/springframework/boot/spring-boot-starter-logging/1.3.3.RELEASE/spring-boot-starter-logging-1.3.3.RELEASE.pom
2017-02-26 18:10:30,615 [Worker-121] INFO  o.e.m.c.i.e.AbstractTransferListenerAdapter - Downloaded https://repo.maven.apache.org/maven2/org/springframework/boot/spring-boot-starter-logging/1.3.3.RELEASE/spring-boot-starter-logging-1.3.3.RELEASE.pom
2017-02-26 18:10:30,658 [Worker-121] INFO  o.e.m.c.i.e.AbstractTransferListenerAdapter - Downloading https://repo.maven.apache.org/maven2/ch/qos/logback/logback-classic/1.1.5/logback-classic-1.1.5.pom
2017-02-26 18:10:30,696 [Worker-121] INFO  o.e.m.c.i.e.AbstractTransferListenerAdapter - Downloaded https://repo.maven.apache.org/maven2/ch/qos/logback/logback-classic/1.1.5/logback-classic-1.1.5.pom
2017-02-26 18:10:30,732 [Worker-121] INFO  o.e.m.c.i.e.AbstractTransferListenerAdapter - Downloading https://repo.maven.apache.org/maven2/ch/qos/logback/logback-parent/1.1.5/logback-parent-1.1.5.pom
2017-02-26 18:10:30,769 [Worker-121] INFO  o.e.m.c.i.e.AbstractTransferListenerAdapter - Downloaded https://repo.maven.apache.org/maven2/ch/qos/logback/logback-parent/1.1.5/logback-parent-1.1.5.pom
2017-02-26 18:10:30,805 [Worker-121] INFO  o.e.m.c.i.e.AbstractTransferListenerAdapter - Downloading https://repo.maven.apache.org/maven2/ch/qos/logback/logback-core/1.1.5/logback-core-1.1.5.pom
2017-02-26 18:10:30,839 [Worker-121] INFO  o.e.m.c.i.e.AbstractTransferListenerAdapter - Downloaded https://repo.maven.apache.org/maven2/ch/qos/logback/logback-core/1.1.5/logback-core-1.1.5.pom
2017-02-26 18:10:30,877 [Worker-121] INFO  o.e.m.c.i.e.AbstractTransferListenerAdapter - Downloading https://repo.maven.apache.org/maven2/org/slf4j/slf4j-api/1.7.16/slf4j-api-1.7.16.pom
2017-02-26 18:10:30,912 [Worker-121] INFO  o.e.m.c.i.e.AbstractTransferListenerAdapter - Downloaded https://repo.maven.apache.org/maven2/org/slf4j/slf4j-api/1.7.16/slf4j-api-1.7.16.pom
2017-02-26 18:10:30,946 [Worker-121] INFO  o.e.m.c.i.e.AbstractTransferListenerAdapter - Downloading https://repo.maven.apache.org/maven2/org/slf4j/slf4j-parent/1.7.16/slf4j-parent-1.7.16.pom
2017-02-26 18:10:30,985 [Worker-121] INFO  o.e.m.c.i.e.AbstractTransferListenerAdapter - Downloaded https://repo.maven.apache.org/maven2/org/slf4j/slf4j-parent/1.7.16/slf4j-parent-1.7.16.pom
2017-02-26 18:10:31,020 [Worker-121] INFO  o.e.m.c.i.e.AbstractTransferListenerAdapter - Downloading https://repo.maven.apache.org/maven2/org/slf4j/jcl-over-slf4j/1.7.16/jcl-over-slf4j-1.7.16.pom
2017-02-26 18:10:31,058 [Worker-121] INFO  o.e.m.c.i.e.AbstractTransferListenerAdapter - Downloaded https://repo.maven.apache.org/maven2/org/slf4j/jcl-over-slf4j/1.7.16/jcl-over-slf4j-1.7.16.pom
2017-02-26 18:10:31,093 [Worker-121] INFO  o.e.m.c.i.e.AbstractTransferListenerAdapter - Downloading https://repo.maven.apache.org/maven2/org/slf4j/jul-to-slf4j/1.7.16/jul-to-slf4j-1.7.16.pom
2017-02-26 18:10:31,129 [Worker-121] INFO  o.e.m.c.i.e.AbstractTransferListenerAdapter - Downloaded https://repo.maven.apache.org/maven2/org/slf4j/jul-to-slf4j/1.7.16/jul-to-slf4j-1.7.16.pom
2017-02-26 18:10:31,162 [Worker-121] INFO  o.e.m.c.i.e.AbstractTransferListenerAdapter - Downloading https://repo.maven.apache.org/maven2/org/slf4j/log4j-over-slf4j/1.7.16/log4j-over-slf4j-1.7.16.pom
2017-02-26 18:10:31,194 [Worker-121] INFO  o.e.m.c.i.e.AbstractTransferListenerAdapter - Downloaded https://repo.maven.apache.org/maven2/org/slf4j/log4j-over-slf4j/1.7.16/log4j-over-slf4j-1.7.16.pom
2017-02-26 18:10:31,229 [Worker-121] INFO  o.e.m.c.i.e.AbstractTransferListenerAdapter - Downloading https://repo.maven.apache.org/maven2/org/yaml/snakeyaml/1.16/snakeyaml-1.16.pom
2017-02-26 18:10:31,268 [Worker-121] INFO  o.e.m.c.i.e.AbstractTransferListenerAdapter - Downloaded https://repo.maven.apache.org/maven2/org/yaml/snakeyaml/1.16/snakeyaml-1.16.pom
2017-02-26 18:10:31,305 [Worker-121] INFO  o.e.m.c.i.e.AbstractTransferListenerAdapter - Downloading https://repo.maven.apache.org/maven2/org/springframework/boot/spring-boot-starter-tomcat/1.3.3.RELEASE/spring-boot-starter-tomcat-1.3.3.RELEASE.pom
2017-02-26 18:10:31,339 [Worker-121] INFO  o.e.m.c.i.e.AbstractTransferListenerAdapter - Downloaded https://repo.maven.apache.org/maven2/org/springframework/boot/spring-boot-starter-tomcat/1.3.3.RELEASE/spring-boot-starter-tomcat-1.3.3.RELEASE.pom
2017-02-26 18:10:31,380 [Worker-121] INFO  o.e.m.c.i.e.AbstractTransferListenerAdapter - Downloading https://repo.maven.apache.org/maven2/org/apache/tomcat/embed/tomcat-embed-core/8.0.32/tomcat-embed-core-8.0.32.pom
2017-02-26 18:10:31,421 [Worker-121] INFO  o.e.m.c.i.e.AbstractTransferListenerAdapter - Downloaded https://repo.maven.apache.org/maven2/org/apache/tomcat/embed/tomcat-embed-core/8.0.32/tomcat-embed-core-8.0.32.pom
2017-02-26 18:10:31,476 [Worker-121] INFO  o.e.m.c.i.e.AbstractTransferListenerAdapter - Downloading https://repo.maven.apache.org/maven2/org/apache/tomcat/embed/tomcat-embed-el/8.0.32/tomcat-embed-el-8.0.32.pom
2017-02-26 18:10:31,513 [Worker-121] INFO  o.e.m.c.i.e.AbstractTransferListenerAdapter - Downloaded https://repo.maven.apache.org/maven2/org/apache/tomcat/embed/tomcat-embed-el/8.0.32/tomcat-embed-el-8.0.32.pom
2017-02-26 18:10:31,550 [Worker-121] INFO  o.e.m.c.i.e.AbstractTransferListenerAdapter - Downloading https://repo.maven.apache.org/maven2/org/apache/tomcat/embed/tomcat-embed-logging-juli/8.0.32/tomcat-embed-logging-juli-8.0.32.pom
2017-02-26 18:10:31,586 [Worker-121] INFO  o.e.m.c.i.e.AbstractTransferListenerAdapter - Downloaded https://repo.maven.apache.org/maven2/org/apache/tomcat/embed/tomcat-embed-logging-juli/8.0.32/tomcat-embed-logging-juli-8.0.32.pom
2017-02-26 18:10:31,621 [Worker-121] INFO  o.e.m.c.i.e.AbstractTransferListenerAdapter - Downloading https://repo.maven.apache.org/maven2/org/apache/tomcat/embed/tomcat-embed-websocket/8.0.32/tomcat-embed-websocket-8.0.32.pom
2017-02-26 18:10:31,656 [Worker-121] INFO  o.e.m.c.i.e.AbstractTransferListenerAdapter - Downloaded https://repo.maven.apache.org/maven2/org/apache/tomcat/embed/tomcat-embed-websocket/8.0.32/tomcat-embed-websocket-8.0.32.pom
2017-02-26 18:10:31,692 [Worker-121] INFO  o.e.m.c.i.e.AbstractTransferListenerAdapter - Downloading https://repo.maven.apache.org/maven2/org/springframework/boot/spring-boot-starter-validation/1.3.3.RELEASE/spring-boot-starter-validation-1.3.3.RELEASE.pom
2017-02-26 18:10:31,730 [Worker-121] INFO  o.e.m.c.i.e.AbstractTransferListenerAdapter - Downloaded https://repo.maven.apache.org/maven2/org/springframework/boot/spring-boot-starter-validation/1.3.3.RELEASE/spring-boot-starter-validation-1.3.3.RELEASE.pom
2017-02-26 18:10:31,773 [Worker-121] INFO  o.e.m.c.i.e.AbstractTransferListenerAdapter - Downloading https://repo.maven.apache.org/maven2/org/hibernate/hibernate-validator/5.2.4.Final/hibernate-validator-5.2.4.Final.pom
2017-02-26 18:10:31,810 [Worker-121] INFO  o.e.m.c.i.e.AbstractTransferListenerAdapter - Downloaded https://repo.maven.apache.org/maven2/org/hibernate/hibernate-validator/5.2.4.Final/hibernate-validator-5.2.4.Final.pom
2017-02-26 18:10:31,846 [Worker-121] INFO  o.e.m.c.i.e.AbstractTransferListenerAdapter - Downloading https://repo.maven.apache.org/maven2/org/hibernate/hibernate-validator-parent/5.2.4.Final/hibernate-validator-parent-5.2.4.Final.pom
2017-02-26 18:10:31,886 [Worker-121] INFO  o.e.m.c.i.e.AbstractTransferListenerAdapter - Downloaded https://repo.maven.apache.org/maven2/org/hibernate/hibernate-validator-parent/5.2.4.Final/hibernate-validator-parent-5.2.4.Final.pom
2017-02-26 18:10:31,927 [Worker-121] INFO  o.e.m.c.i.e.AbstractTransferListenerAdapter - Downloading https://repo.maven.apache.org/maven2/org/jboss/arquillian/arquillian-bom/1.1.9.Final/arquillian-bom-1.1.9.Final.pom
2017-02-26 18:10:31,966 [Worker-121] INFO  o.e.m.c.i.e.AbstractTransferListenerAdapter - Downloaded https://repo.maven.apache.org/maven2/org/jboss/arquillian/arquillian-bom/1.1.9.Final/arquillian-bom-1.1.9.Final.pom
2017-02-26 18:10:32,206 [Worker-121] INFO  o.e.m.c.i.e.AbstractTransferListenerAdapter - Downloaded http://repo.spring.io/ext-release-local/org/jboss/shrinkwrap/shrinkwrap-bom/1.2.2/shrinkwrap-bom-1.2.2.pom
2017-02-26 18:10:32,285 [Worker-121] INFO  o.e.m.c.i.e.AbstractTransferListenerAdapter - Downloaded http://repo.spring.io/milestone/org/jboss/shrinkwrap/shrinkwrap-bom/1.2.2/shrinkwrap-bom-1.2.2.pom
2017-02-26 18:10:32,350 [Worker-121] INFO  o.e.m.c.i.e.AbstractTransferListenerAdapter - Downloaded http://repo.spring.io/snapshot/org/jboss/shrinkwrap/shrinkwrap-bom/1.2.2/shrinkwrap-bom-1.2.2.pom
2017-02-26 18:10:32,384 [Worker-121] INFO  o.e.m.c.i.e.AbstractTransferListenerAdapter - Downloading https://repo.maven.apache.org/maven2/org/jboss/shrinkwrap/shrinkwrap-bom/1.2.2/shrinkwrap-bom-1.2.2.pom
2017-02-26 18:10:32,422 [Worker-121] INFO  o.e.m.c.i.e.AbstractTransferListenerAdapter - Downloaded https://repo.maven.apache.org/maven2/org/jboss/shrinkwrap/shrinkwrap-bom/1.2.2/shrinkwrap-bom-1.2.2.pom
2017-02-26 18:10:32,495 [Worker-121] INFO  o.e.m.c.i.e.AbstractTransferListenerAdapter - Downloaded http://repo.spring.io/ext-release-local/org/jboss/shrinkwrap/resolver/shrinkwrap-resolver-bom/2.1.1/shrinkwrap-resolver-bom-2.1.1.pom
2017-02-26 18:10:32,569 [Worker-121] INFO  o.e.m.c.i.e.AbstractTransferListenerAdapter - Downloaded http://repo.spring.io/milestone/org/jboss/shrinkwrap/resolver/shrinkwrap-resolver-bom/2.1.1/shrinkwrap-resolver-bom-2.1.1.pom
2017-02-26 18:10:32,640 [Worker-121] INFO  o.e.m.c.i.e.AbstractTransferListenerAdapter - Downloaded http://repo.spring.io/snapshot/org/jboss/shrinkwrap/resolver/shrinkwrap-resolver-bom/2.1.1/shrinkwrap-resolver-bom-2.1.1.pom
2017-02-26 18:10:32,675 [Worker-121] INFO  o.e.m.c.i.e.AbstractTransferListenerAdapter - Downloading https://repo.maven.apache.org/maven2/org/jboss/shrinkwrap/resolver/shrinkwrap-resolver-bom/2.1.1/shrinkwrap-resolver-bom-2.1.1.pom
2017-02-26 18:10:32,710 [Worker-121] INFO  o.e.m.c.i.e.AbstractTransferListenerAdapter - Downloaded https://repo.maven.apache.org/maven2/org/jboss/shrinkwrap/resolver/shrinkwrap-resolver-bom/2.1.1/shrinkwrap-resolver-bom-2.1.1.pom
2017-02-26 18:10:32,788 [Worker-121] INFO  o.e.m.c.i.e.AbstractTransferListenerAdapter - Downloaded http://repo.spring.io/ext-release-local/org/jboss/shrinkwrap/descriptors/shrinkwrap-descriptors-bom/2.0.0-alpha-7/shrinkwrap-descriptors-bom-2.0.0-alpha-7.pom
2017-02-26 18:10:32,855 [Worker-121] INFO  o.e.m.c.i.e.AbstractTransferListenerAdapter - Downloaded http://repo.spring.io/milestone/org/jboss/shrinkwrap/descriptors/shrinkwrap-descriptors-bom/2.0.0-alpha-7/shrinkwrap-descriptors-bom-2.0.0-alpha-7.pom
2017-02-26 18:10:33,261 [Worker-121] INFO  o.e.m.c.i.e.AbstractTransferListenerAdapter - Downloaded http://repo.spring.io/snapshot/org/jboss/shrinkwrap/descriptors/shrinkwrap-descriptors-bom/2.0.0-alpha-7/shrinkwrap-descriptors-bom-2.0.0-alpha-7.pom
2017-02-26 18:10:33,298 [Worker-121] INFO  o.e.m.c.i.e.AbstractTransferListenerAdapter - Downloading https://repo.maven.apache.org/maven2/org/jboss/shrinkwrap/descriptors/shrinkwrap-descriptors-bom/2.0.0-alpha-7/shrinkwrap-descriptors-bom-2.0.0-alpha-7.pom
2017-02-26 18:10:33,371 [Worker-121] INFO  o.e.m.c.i.e.AbstractTransferListenerAdapter - Downloaded https://repo.maven.apache.org/maven2/org/jboss/shrinkwrap/descriptors/shrinkwrap-descriptors-bom/2.0.0-alpha-7/shrinkwrap-descriptors-bom-2.0.0-alpha-7.pom
2017-02-26 18:10:33,413 [Worker-121] INFO  o.e.m.c.i.e.AbstractTransferListenerAdapter - Downloading https://repo.maven.apache.org/maven2/org/jboss/logging/jboss-logging/3.3.0.Final/jboss-logging-3.3.0.Final.pom
2017-02-26 18:10:33,451 [Worker-121] INFO  o.e.m.c.i.e.AbstractTransferListenerAdapter - Downloaded https://repo.maven.apache.org/maven2/org/jboss/logging/jboss-logging/3.3.0.Final/jboss-logging-3.3.0.Final.pom
2017-02-26 18:10:33,485 [Worker-121] INFO  o.e.m.c.i.e.AbstractTransferListenerAdapter - Downloading https://repo.maven.apache.org/maven2/org/jboss/jboss-parent/15/jboss-parent-15.pom
2017-02-26 18:10:33,527 [Worker-121] INFO  o.e.m.c.i.e.AbstractTransferListenerAdapter - Downloaded https://repo.maven.apache.org/maven2/org/jboss/jboss-parent/15/jboss-parent-15.pom
2017-02-26 18:10:33,567 [Worker-121] INFO  o.e.m.c.i.e.AbstractTransferListenerAdapter - Downloading https://repo.maven.apache.org/maven2/com/fasterxml/classmate/1.1.0/classmate-1.1.0.pom
2017-02-26 18:10:33,604 [Worker-121] INFO  o.e.m.c.i.e.AbstractTransferListenerAdapter - Downloaded https://repo.maven.apache.org/maven2/com/fasterxml/classmate/1.1.0/classmate-1.1.0.pom
2017-02-26 18:10:33,642 [Worker-121] INFO  o.e.m.c.i.e.AbstractTransferListenerAdapter - Downloading https://repo.maven.apache.org/maven2/com/fasterxml/jackson/core/jackson-databind/2.6.5/jackson-databind-2.6.5.pom
2017-02-26 18:10:33,678 [Worker-121] INFO  o.e.m.c.i.e.AbstractTransferListenerAdapter - Downloaded https://repo.maven.apache.org/maven2/com/fasterxml/jackson/core/jackson-databind/2.6.5/jackson-databind-2.6.5.pom
2017-02-26 18:10:33,713 [Worker-121] INFO  o.e.m.c.i.e.AbstractTransferListenerAdapter - Downloading https://repo.maven.apache.org/maven2/com/fasterxml/jackson/jackson-parent/2.6.2/jackson-parent-2.6.2.pom
2017-02-26 18:10:33,754 [Worker-121] INFO  o.e.m.c.i.e.AbstractTransferListenerAdapter - Downloaded https://repo.maven.apache.org/maven2/com/fasterxml/jackson/jackson-parent/2.6.2/jackson-parent-2.6.2.pom
2017-02-26 18:10:33,789 [Worker-121] INFO  o.e.m.c.i.e.AbstractTransferListenerAdapter - Downloading https://repo.maven.apache.org/maven2/com/fasterxml/oss-parent/24/oss-parent-24.pom
2017-02-26 18:10:33,828 [Worker-121] INFO  o.e.m.c.i.e.AbstractTransferListenerAdapter - Downloaded https://repo.maven.apache.org/maven2/com/fasterxml/oss-parent/24/oss-parent-24.pom
2017-02-26 18:10:33,865 [Worker-121] INFO  o.e.m.c.i.e.AbstractTransferListenerAdapter - Downloading https://repo.maven.apache.org/maven2/com/fasterxml/jackson/core/jackson-annotations/2.6.5/jackson-annotations-2.6.5.pom
2017-02-26 18:10:33,901 [Worker-121] INFO  o.e.m.c.i.e.AbstractTransferListenerAdapter - Downloaded https://repo.maven.apache.org/maven2/com/fasterxml/jackson/core/jackson-annotations/2.6.5/jackson-annotations-2.6.5.pom
2017-02-26 18:10:33,936 [Worker-121] INFO  o.e.m.c.i.e.AbstractTransferListenerAdapter - Downloading https://repo.maven.apache.org/maven2/com/fasterxml/jackson/jackson-parent/2.6.1/jackson-parent-2.6.1.pom
2017-02-26 18:10:33,975 [Worker-121] INFO  o.e.m.c.i.e.AbstractTransferListenerAdapter - Downloaded https://repo.maven.apache.org/maven2/com/fasterxml/jackson/jackson-parent/2.6.1/jackson-parent-2.6.1.pom
2017-02-26 18:10:34,010 [Worker-121] INFO  o.e.m.c.i.e.AbstractTransferListenerAdapter - Downloading https://repo.maven.apache.org/maven2/com/fasterxml/oss-parent/23/oss-parent-23.pom
2017-02-26 18:10:34,049 [Worker-121] INFO  o.e.m.c.i.e.AbstractTransferListenerAdapter - Downloaded https://repo.maven.apache.org/maven2/com/fasterxml/oss-parent/23/oss-parent-23.pom
2017-02-26 18:10:34,087 [Worker-121] INFO  o.e.m.c.i.e.AbstractTransferListenerAdapter - Downloading https://repo.maven.apache.org/maven2/com/fasterxml/jackson/core/jackson-core/2.6.5/jackson-core-2.6.5.pom
2017-02-26 18:10:34,127 [Worker-121] INFO  o.e.m.c.i.e.AbstractTransferListenerAdapter - Downloaded https://repo.maven.apache.org/maven2/com/fasterxml/jackson/core/jackson-core/2.6.5/jackson-core-2.6.5.pom
2017-02-26 18:10:34,167 [Worker-121] INFO  o.e.m.c.i.e.AbstractTransferListenerAdapter - Downloading https://repo.maven.apache.org/maven2/org/springframework/spring-webmvc/4.2.5.RELEASE/spring-webmvc-4.2.5.RELEASE.pom
2017-02-26 18:10:34,203 [Worker-121] INFO  o.e.m.c.i.e.AbstractTransferListenerAdapter - Downloaded https://repo.maven.apache.org/maven2/org/springframework/spring-webmvc/4.2.5.RELEASE/spring-webmvc-4.2.5.RELEASE.pom
2017-02-26 18:10:34,591 [Worker-121] INFO  o.e.m.c.i.e.AbstractTransferListenerAdapter - Downloading https://repo.maven.apache.org/maven2/org/springframework/boot/spring-boot-starter-thymeleaf/1.3.3.RELEASE/spring-boot-starter-thymeleaf-1.3.3.RELEASE.pom
2017-02-26 18:10:34,625 [Worker-121] INFO  o.e.m.c.i.e.AbstractTransferListenerAdapter - Downloaded https://repo.maven.apache.org/maven2/org/springframework/boot/spring-boot-starter-thymeleaf/1.3.3.RELEASE/spring-boot-starter-thymeleaf-1.3.3.RELEASE.pom
2017-02-26 18:10:34,666 [Worker-121] INFO  o.e.m.c.i.e.AbstractTransferListenerAdapter - Downloading https://repo.maven.apache.org/maven2/org/thymeleaf/thymeleaf-spring4/2.1.4.RELEASE/thymeleaf-spring4-2.1.4.RELEASE.pom
2017-02-26 18:10:34,704 [Worker-121] INFO  o.e.m.c.i.e.AbstractTransferListenerAdapter - Downloaded https://repo.maven.apache.org/maven2/org/thymeleaf/thymeleaf-spring4/2.1.4.RELEASE/thymeleaf-spring4-2.1.4.RELEASE.pom
2017-02-26 18:10:34,746 [Worker-121] INFO  o.e.m.c.i.e.AbstractTransferListenerAdapter - Downloading https://repo.maven.apache.org/maven2/org/thymeleaf/thymeleaf/2.1.4.RELEASE/thymeleaf-2.1.4.RELEASE.pom
2017-02-26 18:10:34,781 [Worker-121] INFO  o.e.m.c.i.e.AbstractTransferListenerAdapter - Downloaded https://repo.maven.apache.org/maven2/org/thymeleaf/thymeleaf/2.1.4.RELEASE/thymeleaf-2.1.4.RELEASE.pom
2017-02-26 18:10:34,819 [Worker-121] INFO  o.e.m.c.i.e.AbstractTransferListenerAdapter - Downloading https://repo.maven.apache.org/maven2/ognl/ognl/3.0.8/ognl-3.0.8.pom
2017-02-26 18:10:34,857 [Worker-121] INFO  o.e.m.c.i.e.AbstractTransferListenerAdapter - Downloaded https://repo.maven.apache.org/maven2/ognl/ognl/3.0.8/ognl-3.0.8.pom
2017-02-26 18:10:34,897 [Worker-121] INFO  o.e.m.c.i.e.AbstractTransferListenerAdapter - Downloading https://repo.maven.apache.org/maven2/org/unbescape/unbescape/1.1.0.RELEASE/unbescape-1.1.0.RELEASE.pom
2017-02-26 18:10:34,934 [Worker-121] INFO  o.e.m.c.i.e.AbstractTransferListenerAdapter - Downloaded https://repo.maven.apache.org/maven2/org/unbescape/unbescape/1.1.0.RELEASE/unbescape-1.1.0.RELEASE.pom
2017-02-26 18:10:34,972 [Worker-121] INFO  o.e.m.c.i.e.AbstractTransferListenerAdapter - Downloading https://repo.maven.apache.org/maven2/nz/net/ultraq/thymeleaf/thymeleaf-layout-dialect/1.3.3/thymeleaf-layout-dialect-1.3.3.pom
2017-02-26 18:10:35,010 [Worker-121] INFO  o.e.m.c.i.e.AbstractTransferListenerAdapter - Downloaded https://repo.maven.apache.org/maven2/nz/net/ultraq/thymeleaf/thymeleaf-layout-dialect/1.3.3/thymeleaf-layout-dialect-1.3.3.pom
2017-02-26 18:10:35,423 [Worker-121] INFO  o.e.m.c.i.e.AbstractTransferListenerAdapter - Downloading https://repo.maven.apache.org/maven2/org/codehaus/groovy/groovy/2.4.6/groovy-2.4.6.pom
2017-02-26 18:10:35,458 [Worker-121] INFO  o.e.m.c.i.e.AbstractTransferListenerAdapter - Downloaded https://repo.maven.apache.org/maven2/org/codehaus/groovy/groovy/2.4.6/groovy-2.4.6.pom
2017-02-26 18:10:35,498 [Worker-121] INFO  o.e.m.c.i.e.AbstractTransferListenerAdapter - Downloading https://repo.maven.apache.org/maven2/org/springframework/boot/spring-boot-starter-actuator/1.3.3.RELEASE/spring-boot-starter-actuator-1.3.3.RELEASE.pom
2017-02-26 18:10:35,533 [Worker-121] INFO  o.e.m.c.i.e.AbstractTransferListenerAdapter - Downloaded https://repo.maven.apache.org/maven2/org/springframework/boot/spring-boot-starter-actuator/1.3.3.RELEASE/spring-boot-starter-actuator-1.3.3.RELEASE.pom
2017-02-26 18:10:35,573 [Worker-121] INFO  o.e.m.c.i.e.AbstractTransferListenerAdapter - Downloading https://repo.maven.apache.org/maven2/org/springframework/boot/spring-boot-actuator/1.3.3.RELEASE/spring-boot-actuator-1.3.3.RELEASE.pom
2017-02-26 18:10:35,611 [Worker-121] INFO  o.e.m.c.i.e.AbstractTransferListenerAdapter - Downloaded https://repo.maven.apache.org/maven2/org/springframework/boot/spring-boot-actuator/1.3.3.RELEASE/spring-boot-actuator-1.3.3.RELEASE.pom
2017-02-26 18:10:35,653 [Worker-121] INFO  o.e.m.c.i.e.AbstractTransferListenerAdapter - Downloading https://repo.maven.apache.org/maven2/org/springframework/boot/spring-boot-starter-cache/1.3.3.RELEASE/spring-boot-starter-cache-1.3.3.RELEASE.pom
2017-02-26 18:10:35,689 [Worker-121] INFO  o.e.m.c.i.e.AbstractTransferListenerAdapter - Downloaded https://repo.maven.apache.org/maven2/org/springframework/boot/spring-boot-starter-cache/1.3.3.RELEASE/spring-boot-starter-cache-1.3.3.RELEASE.pom
2017-02-26 18:10:35,730 [Worker-121] INFO  o.e.m.c.i.e.AbstractTransferListenerAdapter - Downloading https://repo.maven.apache.org/maven2/org/springframework/spring-context-support/4.2.5.RELEASE/spring-context-support-4.2.5.RELEASE.pom
2017-02-26 18:10:35,766 [Worker-121] INFO  o.e.m.c.i.e.AbstractTransferListenerAdapter - Downloaded https://repo.maven.apache.org/maven2/org/springframework/spring-context-support/4.2.5.RELEASE/spring-context-support-4.2.5.RELEASE.pom
2017-02-26 18:10:35,806 [Worker-121] INFO  o.e.m.c.i.e.AbstractTransferListenerAdapter - Downloading https://repo.maven.apache.org/maven2/org/apache/tomcat/tomcat-jdbc/8.0.32/tomcat-jdbc-8.0.32.pom
2017-02-26 18:10:35,841 [Worker-121] INFO  o.e.m.c.i.e.AbstractTransferListenerAdapter - Downloaded https://repo.maven.apache.org/maven2/org/apache/tomcat/tomcat-jdbc/8.0.32/tomcat-jdbc-8.0.32.pom
2017-02-26 18:10:35,876 [Worker-121] INFO  o.e.m.c.i.e.AbstractTransferListenerAdapter - Downloading https://repo.maven.apache.org/maven2/org/apache/tomcat/tomcat-juli/8.0.32/tomcat-juli-8.0.32.pom
2017-02-26 18:10:35,915 [Worker-121] INFO  o.e.m.c.i.e.AbstractTransferListenerAdapter - Downloaded https://repo.maven.apache.org/maven2/org/apache/tomcat/tomcat-juli/8.0.32/tomcat-juli-8.0.32.pom
2017-02-26 18:10:35,954 [Worker-121] INFO  o.e.m.c.i.e.AbstractTransferListenerAdapter - Downloading https://repo.maven.apache.org/maven2/commons-dbutils/commons-dbutils/1.5/commons-dbutils-1.5.pom
2017-02-26 18:10:35,994 [Worker-121] INFO  o.e.m.c.i.e.AbstractTransferListenerAdapter - Downloaded https://repo.maven.apache.org/maven2/commons-dbutils/commons-dbutils/1.5/commons-dbutils-1.5.pom
2017-02-26 18:10:36,028 [Worker-121] INFO  o.e.m.c.i.e.AbstractTransferListenerAdapter - Downloading https://repo.maven.apache.org/maven2/org/apache/commons/commons-parent/25/commons-parent-25.pom
2017-02-26 18:10:36,078 [Worker-121] INFO  o.e.m.c.i.e.AbstractTransferListenerAdapter - Downloaded https://repo.maven.apache.org/maven2/org/apache/commons/commons-parent/25/commons-parent-25.pom
2017-02-26 18:10:36,119 [Worker-121] INFO  o.e.m.c.i.e.AbstractTransferListenerAdapter - Downloading https://repo.maven.apache.org/maven2/commons-io/commons-io/2.4/commons-io-2.4.pom
2017-02-26 18:10:36,154 [Worker-121] INFO  o.e.m.c.i.e.AbstractTransferListenerAdapter - Downloaded https://repo.maven.apache.org/maven2/commons-io/commons-io/2.4/commons-io-2.4.pom
2017-02-26 18:10:36,203 [Worker-121] INFO  o.e.m.c.i.e.AbstractTransferListenerAdapter - Downloading https://repo.maven.apache.org/maven2/commons-fileupload/commons-fileupload/1.3.1/commons-fileupload-1.3.1.pom
2017-02-26 18:10:36,236 [Worker-121] INFO  o.e.m.c.i.e.AbstractTransferListenerAdapter - Downloaded https://repo.maven.apache.org/maven2/commons-fileupload/commons-fileupload/1.3.1/commons-fileupload-1.3.1.pom
2017-02-26 18:10:36,280 [Worker-121] INFO  o.e.m.c.i.e.AbstractTransferListenerAdapter - Downloading https://repo.maven.apache.org/maven2/org/apache/commons/commons-parent/32/commons-parent-32.pom
2017-02-26 18:10:36,317 [Worker-121] INFO  o.e.m.c.i.e.AbstractTransferListenerAdapter - Downloaded https://repo.maven.apache.org/maven2/org/apache/commons/commons-parent/32/commons-parent-32.pom
2017-02-26 18:10:36,363 [Worker-121] INFO  o.e.m.c.i.e.AbstractTransferListenerAdapter - Downloading https://repo.maven.apache.org/maven2/commons-io/commons-io/2.2/commons-io-2.2.pom
2017-02-26 18:10:36,400 [Worker-121] INFO  o.e.m.c.i.e.AbstractTransferListenerAdapter - Downloaded https://repo.maven.apache.org/maven2/commons-io/commons-io/2.2/commons-io-2.2.pom
2017-02-26 18:10:36,444 [Worker-121] INFO  o.e.m.c.i.e.AbstractTransferListenerAdapter - Downloading https://repo.maven.apache.org/maven2/org/apache/commons/commons-parent/24/commons-parent-24.pom
2017-02-26 18:10:36,489 [Worker-121] INFO  o.e.m.c.i.e.AbstractTransferListenerAdapter - Downloaded https://repo.maven.apache.org/maven2/org/apache/commons/commons-parent/24/commons-parent-24.pom
2017-02-26 18:10:36,527 [Worker-121] INFO  o.e.m.c.i.e.AbstractTransferListenerAdapter - Downloading https://repo.maven.apache.org/maven2/org/infinispan/infinispan-core/8.2.0.Final/infinispan-core-8.2.0.Final.pom
2017-02-26 18:10:36,861 [Worker-121] INFO  o.e.m.c.i.e.AbstractTransferListenerAdapter - Downloaded https://repo.maven.apache.org/maven2/org/infinispan/infinispan-core/8.2.0.Final/infinispan-core-8.2.0.Final.pom
2017-02-26 18:10:36,917 [Worker-121] INFO  o.e.m.c.i.e.AbstractTransferListenerAdapter - Downloading https://repo.maven.apache.org/maven2/org/infinispan/infinispan-parent/8.2.0.Final/infinispan-parent-8.2.0.Final.pom
2017-02-26 18:10:36,985 [Worker-121] INFO  o.e.m.c.i.e.AbstractTransferListenerAdapter - Downloaded https://repo.maven.apache.org/maven2/org/infinispan/infinispan-parent/8.2.0.Final/infinispan-parent-8.2.0.Final.pom
2017-02-26 18:10:37,025 [Worker-121] INFO  o.e.m.c.i.e.AbstractTransferListenerAdapter - Downloading https://repo.maven.apache.org/maven2/org/infinispan/infinispan-bom/8.2.0.Final/infinispan-bom-8.2.0.Final.pom
2017-02-26 18:10:37,064 [Worker-121] INFO  o.e.m.c.i.e.AbstractTransferListenerAdapter - Downloaded https://repo.maven.apache.org/maven2/org/infinispan/infinispan-bom/8.2.0.Final/infinispan-bom-8.2.0.Final.pom
2017-02-26 18:10:37,105 [Worker-121] INFO  o.e.m.c.i.e.AbstractTransferListenerAdapter - Downloading https://repo.maven.apache.org/maven2/org/jboss/arquillian/arquillian-bom/1.1.5.Final/arquillian-bom-1.1.5.Final.pom
2017-02-26 18:10:37,136 [Worker-121] INFO  o.e.m.c.i.e.AbstractTransferListenerAdapter - Downloaded https://repo.maven.apache.org/maven2/org/jboss/arquillian/arquillian-bom/1.1.5.Final/arquillian-bom-1.1.5.Final.pom
2017-02-26 18:10:37,977 [Worker-121] INFO  o.e.m.c.i.e.AbstractTransferListenerAdapter - Downloading https://repository.jboss.org/nexus/content/groups/public/org/jboss/shrinkwrap/resolver/shrinkwrap-resolver-bom/2.1.0/shrinkwrap-resolver-bom-2.1.0.pom
2017-02-26 18:10:38,139 [Worker-121] INFO  o.e.m.c.i.e.AbstractTransferListenerAdapter - Downloaded https://repository.jboss.org/nexus/content/groups/public/org/jboss/shrinkwrap/resolver/shrinkwrap-resolver-bom/2.1.0/shrinkwrap-resolver-bom-2.1.0.pom
2017-02-26 18:10:38,228 [Worker-121] INFO  o.e.m.c.i.e.AbstractTransferListenerAdapter - Downloading https://repository.jboss.org/nexus/content/groups/public/org/jboss/shrinkwrap/descriptors/shrinkwrap-descriptors-bom/2.0.0-alpha-5/shrinkwrap-descriptors-bom-2.0.0-alpha-5.pom
2017-02-26 18:10:38,471 [Worker-121] INFO  o.e.m.c.i.e.AbstractTransferListenerAdapter - Downloaded https://repository.jboss.org/nexus/content/groups/public/org/jboss/shrinkwrap/descriptors/shrinkwrap-descriptors-bom/2.0.0-alpha-5/shrinkwrap-descriptors-bom-2.0.0-alpha-5.pom
2017-02-26 18:10:38,512 [Worker-121] INFO  o.e.m.c.i.e.AbstractTransferListenerAdapter - Downloading https://repo.maven.apache.org/maven2/org/wildfly/core/wildfly-core-parent/2.0.10.Final/wildfly-core-parent-2.0.10.Final.pom
2017-02-26 18:10:38,598 [Worker-121] INFO  o.e.m.c.i.e.AbstractTransferListenerAdapter - Downloaded https://repo.maven.apache.org/maven2/org/wildfly/core/wildfly-core-parent/2.0.10.Final/wildfly-core-parent-2.0.10.Final.pom
2017-02-26 18:10:38,638 [Worker-121] INFO  o.e.m.c.i.e.AbstractTransferListenerAdapter - Downloading https://repo.maven.apache.org/maven2/org/jboss/jboss-parent/19/jboss-parent-19.pom
2017-02-26 18:10:38,680 [Worker-121] INFO  o.e.m.c.i.e.AbstractTransferListenerAdapter - Downloaded https://repo.maven.apache.org/maven2/org/jboss/jboss-parent/19/jboss-parent-19.pom
2017-02-26 18:10:38,723 [Worker-121] INFO  o.e.m.c.i.e.AbstractTransferListenerAdapter - Downloading https://repo.maven.apache.org/maven2/org/infinispan/infinispan-commons/8.2.0.Final/infinispan-commons-8.2.0.Final.pom
2017-02-26 18:10:38,759 [Worker-121] INFO  o.e.m.c.i.e.AbstractTransferListenerAdapter - Downloaded https://repo.maven.apache.org/maven2/org/infinispan/infinispan-commons/8.2.0.Final/infinispan-commons-8.2.0.Final.pom
2017-02-26 18:10:38,802 [Worker-121] INFO  o.e.m.c.i.e.AbstractTransferListenerAdapter - Downloading https://repo.maven.apache.org/maven2/org/jgroups/jgroups/3.6.7.Final/jgroups-3.6.7.Final.pom
2017-02-26 18:10:38,853 [Worker-121] INFO  o.e.m.c.i.e.AbstractTransferListenerAdapter - Downloaded https://repo.maven.apache.org/maven2/org/jgroups/jgroups/3.6.7.Final/jgroups-3.6.7.Final.pom
2017-02-26 18:10:38,891 [Worker-121] INFO  o.e.m.c.i.e.AbstractTransferListenerAdapter - Downloading https://repo.maven.apache.org/maven2/org/jboss/spec/javax/transaction/jboss-transaction-api_1.1_spec/1.0.1.Final/jboss-transaction-api_1.1_spec-1.0.1.Final.pom
2017-02-26 18:10:38,924 [Worker-121] INFO  o.e.m.c.i.e.AbstractTransferListenerAdapter - Downloaded https://repo.maven.apache.org/maven2/org/jboss/spec/javax/transaction/jboss-transaction-api_1.1_spec/1.0.1.Final/jboss-transaction-api_1.1_spec-1.0.1.Final.pom
2017-02-26 18:10:38,964 [Worker-121] INFO  o.e.m.c.i.e.AbstractTransferListenerAdapter - Downloading https://repo.maven.apache.org/maven2/org/jboss/marshalling/jboss-marshalling-osgi/1.4.10.Final/jboss-marshalling-osgi-1.4.10.Final.pom
2017-02-26 18:10:39,001 [Worker-121] INFO  o.e.m.c.i.e.AbstractTransferListenerAdapter - Downloaded https://repo.maven.apache.org/maven2/org/jboss/marshalling/jboss-marshalling-osgi/1.4.10.Final/jboss-marshalling-osgi-1.4.10.Final.pom
2017-02-26 18:10:39,035 [Worker-121] INFO  o.e.m.c.i.e.AbstractTransferListenerAdapter - Downloading https://repo.maven.apache.org/maven2/org/jboss/marshalling/jboss-marshalling-parent/1.4.10.Final/jboss-marshalling-parent-1.4.10.Final.pom
2017-02-26 18:10:39,068 [Worker-121] INFO  o.e.m.c.i.e.AbstractTransferListenerAdapter - Downloaded https://repo.maven.apache.org/maven2/org/jboss/marshalling/jboss-marshalling-parent/1.4.10.Final/jboss-marshalling-parent-1.4.10.Final.pom
2017-02-26 18:10:39,106 [Worker-121] INFO  o.e.m.c.i.e.AbstractTransferListenerAdapter - Downloading https://repo.maven.apache.org/maven2/org/jboss/jboss-parent/11/jboss-parent-11.pom
2017-02-26 18:10:39,145 [Worker-121] INFO  o.e.m.c.i.e.AbstractTransferListenerAdapter - Downloaded https://repo.maven.apache.org/maven2/org/jboss/jboss-parent/11/jboss-parent-11.pom
2017-02-26 18:10:39,202 [Worker-121] INFO  o.e.m.c.i.e.AbstractTransferListenerAdapter - Downloading https://repo.maven.apache.org/maven2/org/infinispan/infinispan-cachestore-jdbc/8.2.0.Final/infinispan-cachestore-jdbc-8.2.0.Final.pom
2017-02-26 18:10:39,253 [Worker-121] INFO  o.e.m.c.i.e.AbstractTransferListenerAdapter - Downloaded https://repo.maven.apache.org/maven2/org/infinispan/infinispan-cachestore-jdbc/8.2.0.Final/infinispan-cachestore-jdbc-8.2.0.Final.pom
2017-02-26 18:10:39,302 [Worker-121] INFO  o.e.m.c.i.e.AbstractTransferListenerAdapter - Downloading https://repo.maven.apache.org/maven2/org/infinispan/infinispan-persistence-parent/8.2.0.Final/infinispan-persistence-parent-8.2.0.Final.pom
2017-02-26 18:10:39,425 [Worker-121] INFO  o.e.m.c.i.e.AbstractTransferListenerAdapter - Downloaded https://repo.maven.apache.org/maven2/org/infinispan/infinispan-persistence-parent/8.2.0.Final/infinispan-persistence-parent-8.2.0.Final.pom
2017-02-26 18:10:39,464 [Worker-121] INFO  o.e.m.c.i.e.AbstractTransferListenerAdapter - Downloading https://repo.maven.apache.org/maven2/mysql/mysql-connector-java/5.1.38/mysql-connector-java-5.1.38.pom
2017-02-26 18:10:39,501 [Worker-121] INFO  o.e.m.c.i.e.AbstractTransferListenerAdapter - Downloaded https://repo.maven.apache.org/maven2/mysql/mysql-connector-java/5.1.38/mysql-connector-java-5.1.38.pom
2017-02-26 18:10:39,537 [Worker-121] INFO  o.e.m.c.i.e.AbstractTransferListenerAdapter - Downloading https://repo.maven.apache.org/maven2/xerces/xercesImpl/2.8.1/xercesImpl-2.8.1.pom
2017-02-26 18:10:39,572 [Worker-121] INFO  o.e.m.c.i.e.AbstractTransferListenerAdapter - Downloaded https://repo.maven.apache.org/maven2/xerces/xercesImpl/2.8.1/xercesImpl-2.8.1.pom
2017-02-26 18:10:39,608 [Worker-121] INFO  o.e.m.c.i.e.AbstractTransferListenerAdapter - Downloading https://repo.maven.apache.org/maven2/xml-apis/xml-apis/1.3.03/xml-apis-1.3.03.pom
2017-02-26 18:10:39,644 [Worker-121] INFO  o.e.m.c.i.e.AbstractTransferListenerAdapter - Downloaded https://repo.maven.apache.org/maven2/xml-apis/xml-apis/1.3.03/xml-apis-1.3.03.pom
2017-02-26 18:10:39,684 [Worker-121] INFO  o.e.m.c.i.e.AbstractTransferListenerAdapter - Downloading https://repo.maven.apache.org/maven2/org/apache/apache/1/apache-1.pom
2017-02-26 18:10:39,719 [Worker-121] INFO  o.e.m.c.i.e.AbstractTransferListenerAdapter - Downloaded https://repo.maven.apache.org/maven2/org/apache/apache/1/apache-1.pom
2017-02-26 18:10:39,755 [Worker-121] INFO  o.e.m.c.i.e.AbstractTransferListenerAdapter - Downloading https://repo.maven.apache.org/maven2/org/apache/poi/poi/3.9/poi-3.9.pom
2017-02-26 18:10:39,789 [Worker-121] INFO  o.e.m.c.i.e.AbstractTransferListenerAdapter - Downloaded https://repo.maven.apache.org/maven2/org/apache/poi/poi/3.9/poi-3.9.pom
2017-02-26 18:10:39,829 [Worker-121] INFO  o.e.m.c.i.e.AbstractTransferListenerAdapter - Downloading https://repo.maven.apache.org/maven2/commons-codec/commons-codec/1.5/commons-codec-1.5.pom
2017-02-26 18:10:39,870 [Worker-121] INFO  o.e.m.c.i.e.AbstractTransferListenerAdapter - Downloaded https://repo.maven.apache.org/maven2/commons-codec/commons-codec/1.5/commons-codec-1.5.pom
2017-02-26 18:10:39,905 [Worker-121] INFO  o.e.m.c.i.e.AbstractTransferListenerAdapter - Downloading https://repo.maven.apache.org/maven2/org/apache/commons/commons-parent/20/commons-parent-20.pom
2017-02-26 18:10:39,953 [Worker-121] INFO  o.e.m.c.i.e.AbstractTransferListenerAdapter - Downloaded https://repo.maven.apache.org/maven2/org/apache/commons/commons-parent/20/commons-parent-20.pom
2017-02-26 18:10:39,992 [Worker-121] INFO  o.e.m.c.i.e.AbstractTransferListenerAdapter - Downloading https://repo.maven.apache.org/maven2/com/google/code/gson/gson/2.3.1/gson-2.3.1.pom
2017-02-26 18:10:40,034 [Worker-121] INFO  o.e.m.c.i.e.AbstractTransferListenerAdapter - Downloaded https://repo.maven.apache.org/maven2/com/google/code/gson/gson/2.3.1/gson-2.3.1.pom
2017-02-26 18:10:40,069 [Worker-121] INFO  o.e.m.c.i.e.AbstractTransferListenerAdapter - Downloading https://repo.maven.apache.org/maven2/org/sonatype/oss/oss-parent/9/oss-parent-9.pom
2017-02-26 18:10:40,103 [Worker-121] INFO  o.e.m.c.i.e.AbstractTransferListenerAdapter - Downloaded https://repo.maven.apache.org/maven2/org/sonatype/oss/oss-parent/9/oss-parent-9.pom
2017-02-26 18:10:40,143 [Worker-121] INFO  o.e.m.c.i.e.AbstractTransferListenerAdapter - Downloading https://repo.maven.apache.org/maven2/net/jawr/extensions/jawr-spring-extension/3.8/jawr-spring-extension-3.8.pom
2017-02-26 18:10:40,193 [Worker-121] INFO  o.e.m.c.i.e.AbstractTransferListenerAdapter - Downloaded https://repo.maven.apache.org/maven2/net/jawr/extensions/jawr-spring-extension/3.8/jawr-spring-extension-3.8.pom
2017-02-26 18:10:40,230 [Worker-121] INFO  o.e.m.c.i.e.AbstractTransferListenerAdapter - Downloading https://repo.maven.apache.org/maven2/net/jawr/extensions/jawr-spring-parent/3.8/jawr-spring-parent-3.8.pom
2017-02-26 18:10:40,267 [Worker-121] INFO  o.e.m.c.i.e.AbstractTransferListenerAdapter - Downloaded https://repo.maven.apache.org/maven2/net/jawr/extensions/jawr-spring-parent/3.8/jawr-spring-parent-3.8.pom
2017-02-26 18:10:40,307 [Worker-121] INFO  o.e.m.c.i.e.AbstractTransferListenerAdapter - Downloading https://repo.maven.apache.org/maven2/net/jawr/jawr/3.8/jawr-3.8.pom
2017-02-26 18:10:40,348 [Worker-121] INFO  o.e.m.c.i.e.AbstractTransferListenerAdapter - Downloaded https://repo.maven.apache.org/maven2/net/jawr/jawr/3.8/jawr-3.8.pom
2017-02-26 18:10:40,386 [Worker-121] INFO  o.e.m.c.i.e.AbstractTransferListenerAdapter - Downloading https://repo.maven.apache.org/maven2/net/jawr/jawr-core/3.8/jawr-core-3.8.pom
2017-02-26 18:10:40,423 [Worker-121] INFO  o.e.m.c.i.e.AbstractTransferListenerAdapter - Downloaded https://repo.maven.apache.org/maven2/net/jawr/jawr-core/3.8/jawr-core-3.8.pom
2017-02-26 18:10:40,460 [Worker-121] INFO  o.e.m.c.i.e.AbstractTransferListenerAdapter - Downloading https://repo.maven.apache.org/maven2/net/jawr/jawr-core-parent/3.8/jawr-core-parent-3.8.pom
2017-02-26 18:10:40,497 [Worker-121] INFO  o.e.m.c.i.e.AbstractTransferListenerAdapter - Downloaded https://repo.maven.apache.org/maven2/net/jawr/jawr-core-parent/3.8/jawr-core-parent-3.8.pom
2017-02-26 18:10:40,538 [Worker-121] INFO  o.e.m.c.i.e.AbstractTransferListenerAdapter - Downloading https://repo.maven.apache.org/maven2/org/slf4j/slf4j-log4j12/1.7.16/slf4j-log4j12-1.7.16.pom
2017-02-26 18:10:40,574 [Worker-121] INFO  o.e.m.c.i.e.AbstractTransferListenerAdapter - Downloaded https://repo.maven.apache.org/maven2/org/slf4j/slf4j-log4j12/1.7.16/slf4j-log4j12-1.7.16.pom
2017-02-26 18:10:40,616 [Worker-121] INFO  o.e.m.c.i.e.AbstractTransferListenerAdapter - Downloading https://repo.maven.apache.org/maven2/net/jawr/jawr-core/3.6/jawr-core-3.6.pom
2017-02-26 18:10:40,654 [Worker-121] INFO  o.e.m.c.i.e.AbstractTransferListenerAdapter - Downloaded https://repo.maven.apache.org/maven2/net/jawr/jawr-core/3.6/jawr-core-3.6.pom
2017-02-26 18:10:40,690 [Worker-121] INFO  o.e.m.c.i.e.AbstractTransferListenerAdapter - Downloading https://repo.maven.apache.org/maven2/net/jawr/jawr-core-parent/3.6/jawr-core-parent-3.6.pom
2017-02-26 18:10:40,727 [Worker-121] INFO  o.e.m.c.i.e.AbstractTransferListenerAdapter - Downloaded https://repo.maven.apache.org/maven2/net/jawr/jawr-core-parent/3.6/jawr-core-parent-3.6.pom
2017-02-26 18:10:40,863 [Worker-121] INFO  o.e.m.c.i.e.AbstractTransferListenerAdapter - Downloading https://repo.maven.apache.org/maven2/com/github/dtrunk90/thymeleaf-jawr-extension/1.2.0/thymeleaf-jawr-extension-1.2.0.pom
2017-02-26 18:10:40,978 [Worker-121] INFO  o.e.m.c.i.e.AbstractTransferListenerAdapter - Downloaded https://repo.maven.apache.org/maven2/com/github/dtrunk90/thymeleaf-jawr-extension/1.2.0/thymeleaf-jawr-extension-1.2.0.pom
2017-02-26 18:10:40,990 [Worker-121] WARN  o.e.m.c.i.embedder.EclipseLogger - The POM for com.lexisnexis.healthcare.client:mtsauthclient:jar:4.0-SNAPSHOT is missing, no dependency information available
2017-02-26 18:10:40,992 [Worker-121] WARN  o.e.m.c.i.embedder.EclipseLogger - The POM for com.lexisnexis.healthcare.client:genericloggerclient:jar:1.0-SNAPSHOT is missing, no dependency information available
2017-02-26 18:10:40,993 [Worker-121] WARN  o.e.m.c.i.embedder.EclipseLogger - The POM for com.lexisnexis.healthcare:lnhcportalSecurity:jar:5.0.1.SNAPSHOT is missing, no dependency information available
2017-02-26 18:10:41,034 [Worker-121] INFO  o.e.m.c.i.e.AbstractTransferListenerAdapter - Downloading https://repo.maven.apache.org/maven2/org/springframework/boot/spring-boot-starter-log4j/1.3.3.RELEASE/spring-boot-starter-log4j-1.3.3.RELEASE.pom
2017-02-26 18:10:41,072 [Worker-121] INFO  o.e.m.c.i.e.AbstractTransferListenerAdapter - Downloaded https://repo.maven.apache.org/maven2/org/springframework/boot/spring-boot-starter-log4j/1.3.3.RELEASE/spring-boot-starter-log4j-1.3.3.RELEASE.pom
2017-02-26 18:10:41,080 [Worker-121] WARN  o.e.m.c.i.embedder.EclipseLogger - The POM for com.lexisnexis.healthcare:portalthymeleafmenu:jar:1.0.1.SNAPSHOT is missing, no dependency information available
2017-02-26 18:10:41,081 [Worker-121] WARN  o.e.m.c.i.embedder.EclipseLogger - The POM for com.lexisnexis.healthcare:verifyhcphelp:jar:1.0.0-SNAPSHOT is missing, no dependency information available
2017-02-26 18:10:41,081 [Worker-121] WARN  o.e.m.c.i.embedder.EclipseLogger - The POM for com.lexisnexis.healthcare:lnhcverifyhcpdto:jar:2.0-SNAPSHOT is missing, no dependency information available
2017-02-26 18:10:41,082 [Worker-121] WARN  o.e.m.c.i.embedder.EclipseLogger - The POM for com.lexisnexis.healthcare.client:lnhcverifyhcpClient:jar:2.0-SNAPSHOT is missing, no dependency information available
2017-02-26 18:10:41,119 [Worker-121] INFO  o.e.m.c.i.e.AbstractTransferListenerAdapter - Downloading https://repo.maven.apache.org/maven2/com/googlecode/json-simple/json-simple/1.1.1/json-simple-1.1.1.pom
2017-02-26 18:10:41,155 [Worker-121] INFO  o.e.m.c.i.e.AbstractTransferListenerAdapter - Downloaded https://repo.maven.apache.org/maven2/com/googlecode/json-simple/json-simple/1.1.1/json-simple-1.1.1.pom
2017-02-26 18:10:41,190 [Worker-121] INFO  o.e.m.c.i.e.AbstractTransferListenerAdapter - Downloading https://repo.maven.apache.org/maven2/junit/junit/4.12/junit-4.12.pom
2017-02-26 18:10:41,232 [Worker-121] INFO  o.e.m.c.i.e.AbstractTransferListenerAdapter - Downloaded https://repo.maven.apache.org/maven2/junit/junit/4.12/junit-4.12.pom
2017-02-26 18:10:41,241 [Worker-121] WARN  o.e.m.c.i.embedder.EclipseLogger - The POM for com.lexisnexis.healthcare:lnhcportalCaptchaUtil:jar:1.0-SNAPSHOT is missing, no dependency information available
2017-02-26 18:10:41,242 [Worker-121] WARN  o.e.m.c.i.embedder.EclipseLogger - The POM for com.lexisnexis.healthcare:mtsdtocommon:jar:4.0-SNAPSHOT is missing, no dependency information available
2017-02-26 18:10:41,298 [Worker-121] INFO  o.e.m.c.i.e.AbstractTransferListenerAdapter - Downloading https://repo.maven.apache.org/maven2/org/springframework/spring-web/4.2.5.RELEASE/spring-web-4.2.5.RELEASE.jar
2017-02-26 18:10:41,577 [Worker-121] INFO  o.e.m.c.i.e.AbstractTransferListenerAdapter - Downloaded https://repo.maven.apache.org/maven2/org/springframework/spring-web/4.2.5.RELEASE/spring-web-4.2.5.RELEASE.jar
2017-02-26 18:10:41,620 [Worker-121] INFO  o.e.m.c.i.e.AbstractTransferListenerAdapter - Downloading https://repo.maven.apache.org/maven2/org/springframework/spring-aop/4.2.5.RELEASE/spring-aop-4.2.5.RELEASE.jar
2017-02-26 18:10:41,756 [Worker-121] INFO  o.e.m.c.i.e.AbstractTransferListenerAdapter - Downloaded https://repo.maven.apache.org/maven2/org/springframework/spring-aop/4.2.5.RELEASE/spring-aop-4.2.5.RELEASE.jar
2017-02-26 18:10:41,804 [Worker-121] INFO  o.e.m.c.i.e.AbstractTransferListenerAdapter - Downloading https://repo.maven.apache.org/maven2/org/springframework/spring-beans/4.2.5.RELEASE/spring-beans-4.2.5.RELEASE.jar
2017-02-26 18:10:42,040 [Worker-121] INFO  o.e.m.c.i.e.AbstractTransferListenerAdapter - Downloaded https://repo.maven.apache.org/maven2/org/springframework/spring-beans/4.2.5.RELEASE/spring-beans-4.2.5.RELEASE.jar
2017-02-26 18:10:42,097 [Worker-121] INFO  o.e.m.c.i.e.AbstractTransferListenerAdapter - Downloading https://repo.maven.apache.org/maven2/org/springframework/spring-context/4.2.5.RELEASE/spring-context-4.2.5.RELEASE.jar
2017-02-26 18:10:42,438 [Worker-121] INFO  o.e.m.c.i.e.AbstractTransferListenerAdapter - Downloaded https://repo.maven.apache.org/maven2/org/springframework/spring-context/4.2.5.RELEASE/spring-context-4.2.5.RELEASE.jar
2017-02-26 18:10:42,477 [Worker-121] INFO  o.e.m.c.i.e.AbstractTransferListenerAdapter - Downloading https://repo.maven.apache.org/maven2/org/springframework/spring-expression/4.2.5.RELEASE/spring-expression-4.2.5.RELEASE.jar
2017-02-26 18:10:42,587 [Worker-121] INFO  o.e.m.c.i.e.AbstractTransferListenerAdapter - Downloaded https://repo.maven.apache.org/maven2/org/springframework/spring-expression/4.2.5.RELEASE/spring-expression-4.2.5.RELEASE.jar
2017-02-26 18:10:42,628 [Worker-121] INFO  o.e.m.c.i.e.AbstractTransferListenerAdapter - Downloading https://repo.maven.apache.org/maven2/org/springframework/spring-core/4.2.5.RELEASE/spring-core-4.2.5.RELEASE.jar
2017-02-26 18:10:42,945 [Worker-121] INFO  o.e.m.c.i.e.AbstractTransferListenerAdapter - Downloaded https://repo.maven.apache.org/maven2/org/springframework/spring-core/4.2.5.RELEASE/spring-core-4.2.5.RELEASE.jar
2017-02-26 18:10:42,981 [Worker-121] INFO  o.e.m.c.i.e.AbstractTransferListenerAdapter - Downloading https://repo.maven.apache.org/maven2/org/springframework/boot/spring-boot-starter-web/1.3.3.RELEASE/spring-boot-starter-web-1.3.3.RELEASE.jar
2017-02-26 18:10:43,017 [Worker-121] INFO  o.e.m.c.i.e.AbstractTransferListenerAdapter - Downloaded https://repo.maven.apache.org/maven2/org/springframework/boot/spring-boot-starter-web/1.3.3.RELEASE/spring-boot-starter-web-1.3.3.RELEASE.jar
2017-02-26 18:10:43,053 [Worker-121] INFO  o.e.m.c.i.e.AbstractTransferListenerAdapter - Downloading https://repo.maven.apache.org/maven2/org/springframework/boot/spring-boot-starter-tomcat/1.3.3.RELEASE/spring-boot-starter-tomcat-1.3.3.RELEASE.jar
2017-02-26 18:10:43,088 [Worker-121] INFO  o.e.m.c.i.e.AbstractTransferListenerAdapter - Downloaded https://repo.maven.apache.org/maven2/org/springframework/boot/spring-boot-starter-tomcat/1.3.3.RELEASE/spring-boot-starter-tomcat-1.3.3.RELEASE.jar
2017-02-26 18:10:43,127 [Worker-121] INFO  o.e.m.c.i.e.AbstractTransferListenerAdapter - Downloading https://repo.maven.apache.org/maven2/org/apache/tomcat/embed/tomcat-embed-core/8.0.32/tomcat-embed-core-8.0.32.jar
2017-02-26 18:10:43,856 [Worker-121] INFO  o.e.m.c.i.e.AbstractTransferListenerAdapter - Downloaded https://repo.maven.apache.org/maven2/org/apache/tomcat/embed/tomcat-embed-core/8.0.32/tomcat-embed-core-8.0.32.jar
2017-02-26 18:10:43,893 [Worker-121] INFO  o.e.m.c.i.e.AbstractTransferListenerAdapter - Downloading https://repo.maven.apache.org/maven2/org/apache/tomcat/embed/tomcat-embed-el/8.0.32/tomcat-embed-el-8.0.32.jar
2017-02-26 18:10:43,979 [Worker-121] INFO  o.e.m.c.i.e.AbstractTransferListenerAdapter - Downloaded https://repo.maven.apache.org/maven2/org/apache/tomcat/embed/tomcat-embed-el/8.0.32/tomcat-embed-el-8.0.32.jar
2017-02-26 18:10:44,016 [Worker-121] INFO  o.e.m.c.i.e.AbstractTransferListenerAdapter - Downloading https://repo.maven.apache.org/maven2/org/apache/tomcat/embed/tomcat-embed-logging-juli/8.0.32/tomcat-embed-logging-juli-8.0.32.jar
2017-02-26 18:10:44,059 [Worker-121] INFO  o.e.m.c.i.e.AbstractTransferListenerAdapter - Downloaded https://repo.maven.apache.org/maven2/org/apache/tomcat/embed/tomcat-embed-logging-juli/8.0.32/tomcat-embed-logging-juli-8.0.32.jar
2017-02-26 18:10:44,097 [Worker-121] INFO  o.e.m.c.i.e.AbstractTransferListenerAdapter - Downloading https://repo.maven.apache.org/maven2/org/apache/tomcat/embed/tomcat-embed-websocket/8.0.32/tomcat-embed-websocket-8.0.32.jar
2017-02-26 18:10:44,217 [Worker-121] INFO  o.e.m.c.i.e.AbstractTransferListenerAdapter - Downloaded https://repo.maven.apache.org/maven2/org/apache/tomcat/embed/tomcat-embed-websocket/8.0.32/tomcat-embed-websocket-8.0.32.jar
2017-02-26 18:10:44,253 [Worker-121] INFO  o.e.m.c.i.e.AbstractTransferListenerAdapter - Downloading https://repo.maven.apache.org/maven2/org/springframework/boot/spring-boot-starter-validation/1.3.3.RELEASE/spring-boot-starter-validation-1.3.3.RELEASE.jar
2017-02-26 18:10:44,293 [Worker-121] INFO  o.e.m.c.i.e.AbstractTransferListenerAdapter - Downloaded https://repo.maven.apache.org/maven2/org/springframework/boot/spring-boot-starter-validation/1.3.3.RELEASE/spring-boot-starter-validation-1.3.3.RELEASE.jar
2017-02-26 18:10:44,330 [Worker-121] INFO  o.e.m.c.i.e.AbstractTransferListenerAdapter - Downloading https://repo.maven.apache.org/maven2/org/hibernate/hibernate-validator/5.2.4.Final/hibernate-validator-5.2.4.Final.jar
2017-02-26 18:10:44,522 [Worker-121] INFO  o.e.m.c.i.e.AbstractTransferListenerAdapter - Downloaded https://repo.maven.apache.org/maven2/org/hibernate/hibernate-validator/5.2.4.Final/hibernate-validator-5.2.4.Final.jar
2017-02-26 18:10:44,560 [Worker-121] INFO  o.e.m.c.i.e.AbstractTransferListenerAdapter - Downloading https://repo.maven.apache.org/maven2/com/fasterxml/classmate/1.1.0/classmate-1.1.0.jar
2017-02-26 18:10:44,604 [Worker-121] INFO  o.e.m.c.i.e.AbstractTransferListenerAdapter - Downloaded https://repo.maven.apache.org/maven2/com/fasterxml/classmate/1.1.0/classmate-1.1.0.jar
2017-02-26 18:10:44,645 [Worker-121] INFO  o.e.m.c.i.e.AbstractTransferListenerAdapter - Downloading https://repo.maven.apache.org/maven2/com/fasterxml/jackson/core/jackson-databind/2.6.5/jackson-databind-2.6.5.jar
2017-02-26 18:10:44,961 [Worker-121] INFO  o.e.m.c.i.e.AbstractTransferListenerAdapter - Downloaded https://repo.maven.apache.org/maven2/com/fasterxml/jackson/core/jackson-databind/2.6.5/jackson-databind-2.6.5.jar
2017-02-26 18:10:45,000 [Worker-121] INFO  o.e.m.c.i.e.AbstractTransferListenerAdapter - Downloading https://repo.maven.apache.org/maven2/com/fasterxml/jackson/core/jackson-annotations/2.6.5/jackson-annotations-2.6.5.jar
2017-02-26 18:10:45,046 [Worker-121] INFO  o.e.m.c.i.e.AbstractTransferListenerAdapter - Downloaded https://repo.maven.apache.org/maven2/com/fasterxml/jackson/core/jackson-annotations/2.6.5/jackson-annotations-2.6.5.jar
2017-02-26 18:10:45,082 [Worker-121] INFO  o.e.m.c.i.e.AbstractTransferListenerAdapter - Downloading https://repo.maven.apache.org/maven2/com/fasterxml/jackson/core/jackson-core/2.6.5/jackson-core-2.6.5.jar
2017-02-26 18:10:45,174 [Worker-121] INFO  o.e.m.c.i.e.AbstractTransferListenerAdapter - Downloaded https://repo.maven.apache.org/maven2/com/fasterxml/jackson/core/jackson-core/2.6.5/jackson-core-2.6.5.jar
2017-02-26 18:10:45,227 [Worker-121] INFO  o.e.m.c.i.e.AbstractTransferListenerAdapter - Downloading https://repo.maven.apache.org/maven2/org/springframework/spring-webmvc/4.2.5.RELEASE/spring-webmvc-4.2.5.RELEASE.jar
2017-02-26 18:10:45,457 [Worker-121] INFO  o.e.m.c.i.e.AbstractTransferListenerAdapter - Downloaded https://repo.maven.apache.org/maven2/org/springframework/spring-webmvc/4.2.5.RELEASE/spring-webmvc-4.2.5.RELEASE.jar
2017-02-26 18:10:45,494 [Worker-121] INFO  o.e.m.c.i.e.AbstractTransferListenerAdapter - Downloading https://repo.maven.apache.org/maven2/org/springframework/boot/spring-boot-starter-thymeleaf/1.3.3.RELEASE/spring-boot-starter-thymeleaf-1.3.3.RELEASE.jar
2017-02-26 18:10:45,532 [Worker-121] INFO  o.e.m.c.i.e.AbstractTransferListenerAdapter - Downloaded https://repo.maven.apache.org/maven2/org/springframework/boot/spring-boot-starter-thymeleaf/1.3.3.RELEASE/spring-boot-starter-thymeleaf-1.3.3.RELEASE.jar
2017-02-26 18:10:45,566 [Worker-121] INFO  o.e.m.c.i.e.AbstractTransferListenerAdapter - Downloading https://repo.maven.apache.org/maven2/org/thymeleaf/thymeleaf-spring4/2.1.4.RELEASE/thymeleaf-spring4-2.1.4.RELEASE.jar
2017-02-26 18:10:45,648 [Worker-121] INFO  o.e.m.c.i.e.AbstractTransferListenerAdapter - Downloaded https://repo.maven.apache.org/maven2/org/thymeleaf/thymeleaf-spring4/2.1.4.RELEASE/thymeleaf-spring4-2.1.4.RELEASE.jar
2017-02-26 18:10:45,684 [Worker-121] INFO  o.e.m.c.i.e.AbstractTransferListenerAdapter - Downloading https://repo.maven.apache.org/maven2/nz/net/ultraq/thymeleaf/thymeleaf-layout-dialect/1.3.3/thymeleaf-layout-dialect-1.3.3.jar
2017-02-26 18:10:45,738 [Worker-121] INFO  o.e.m.c.i.e.AbstractTransferListenerAdapter - Downloaded https://repo.maven.apache.org/maven2/nz/net/ultraq/thymeleaf/thymeleaf-layout-dialect/1.3.3/thymeleaf-layout-dialect-1.3.3.jar
2017-02-26 18:10:45,784 [Worker-121] INFO  o.e.m.c.i.e.AbstractTransferListenerAdapter - Downloading https://repo.maven.apache.org/maven2/org/codehaus/groovy/groovy/2.4.6/groovy-2.4.6.jar
2017-02-26 18:10:46,795 [Worker-121] INFO  o.e.m.c.i.e.AbstractTransferListenerAdapter - Downloaded https://repo.maven.apache.org/maven2/org/codehaus/groovy/groovy/2.4.6/groovy-2.4.6.jar
2017-02-26 18:10:46,827 [Worker-121] INFO  o.e.m.c.i.e.AbstractTransferListenerAdapter - Downloading https://repo.maven.apache.org/maven2/org/springframework/boot/spring-boot-starter-actuator/1.3.3.RELEASE/spring-boot-starter-actuator-1.3.3.RELEASE.jar
2017-02-26 18:10:46,864 [Worker-121] INFO  o.e.m.c.i.e.AbstractTransferListenerAdapter - Downloaded https://repo.maven.apache.org/maven2/org/springframework/boot/spring-boot-starter-actuator/1.3.3.RELEASE/spring-boot-starter-actuator-1.3.3.RELEASE.jar
2017-02-26 18:10:46,897 [Worker-121] INFO  o.e.m.c.i.e.AbstractTransferListenerAdapter - Downloading https://repo.maven.apache.org/maven2/org/springframework/boot/spring-boot-actuator/1.3.3.RELEASE/spring-boot-actuator-1.3.3.RELEASE.jar
2017-02-26 18:10:47,017 [Worker-121] INFO  o.e.m.c.i.e.AbstractTransferListenerAdapter - Downloaded https://repo.maven.apache.org/maven2/org/springframework/boot/spring-boot-actuator/1.3.3.RELEASE/spring-boot-actuator-1.3.3.RELEASE.jar
2017-02-26 18:10:47,057 [Worker-121] INFO  o.e.m.c.i.e.AbstractTransferListenerAdapter - Downloading https://repo.maven.apache.org/maven2/org/springframework/boot/spring-boot-starter-cache/1.3.3.RELEASE/spring-boot-starter-cache-1.3.3.RELEASE.jar
2017-02-26 18:10:47,090 [Worker-121] INFO  o.e.m.c.i.e.AbstractTransferListenerAdapter - Downloaded https://repo.maven.apache.org/maven2/org/springframework/boot/spring-boot-starter-cache/1.3.3.RELEASE/spring-boot-starter-cache-1.3.3.RELEASE.jar
2017-02-26 18:10:47,126 [Worker-121] INFO  o.e.m.c.i.e.AbstractTransferListenerAdapter - Downloading https://repo.maven.apache.org/maven2/org/springframework/spring-context-support/4.2.5.RELEASE/spring-context-support-4.2.5.RELEASE.jar
2017-02-26 18:10:47,190 [Worker-121] INFO  o.e.m.c.i.e.AbstractTransferListenerAdapter - Downloaded https://repo.maven.apache.org/maven2/org/springframework/spring-context-support/4.2.5.RELEASE/spring-context-support-4.2.5.RELEASE.jar
2017-02-26 18:10:47,244 [Worker-121] INFO  o.e.m.c.i.e.AbstractTransferListenerAdapter - Downloading https://repo.maven.apache.org/maven2/org/apache/tomcat/tomcat-jdbc/8.0.32/tomcat-jdbc-8.0.32.jar
2017-02-26 18:10:47,286 [Worker-121] INFO  o.e.m.c.i.e.AbstractTransferListenerAdapter - Downloaded https://repo.maven.apache.org/maven2/org/apache/tomcat/tomcat-jdbc/8.0.32/tomcat-jdbc-8.0.32.jar
2017-02-26 18:10:47,323 [Worker-121] INFO  o.e.m.c.i.e.AbstractTransferListenerAdapter - Downloading https://repo.maven.apache.org/maven2/org/apache/tomcat/tomcat-juli/8.0.32/tomcat-juli-8.0.32.jar
2017-02-26 18:10:47,366 [Worker-121] INFO  o.e.m.c.i.e.AbstractTransferListenerAdapter - Downloaded https://repo.maven.apache.org/maven2/org/apache/tomcat/tomcat-juli/8.0.32/tomcat-juli-8.0.32.jar
2017-02-26 18:10:47,417 [Worker-121] INFO  o.e.m.c.i.e.AbstractTransferListenerAdapter - Downloading https://repo.maven.apache.org/maven2/commons-dbutils/commons-dbutils/1.5/commons-dbutils-1.5.jar
2017-02-26 18:10:47,465 [Worker-121] INFO  o.e.m.c.i.e.AbstractTransferListenerAdapter - Downloaded https://repo.maven.apache.org/maven2/commons-dbutils/commons-dbutils/1.5/commons-dbutils-1.5.jar
2017-02-26 18:10:47,507 [Worker-121] INFO  o.e.m.c.i.e.AbstractTransferListenerAdapter - Downloading https://repo.maven.apache.org/maven2/commons-io/commons-io/2.4/commons-io-2.4.jar
2017-02-26 18:10:47,568 [Worker-121] INFO  o.e.m.c.i.e.AbstractTransferListenerAdapter - Downloaded https://repo.maven.apache.org/maven2/commons-io/commons-io/2.4/commons-io-2.4.jar
2017-02-26 18:10:47,604 [Worker-121] INFO  o.e.m.c.i.e.AbstractTransferListenerAdapter - Downloading https://repo.maven.apache.org/maven2/commons-fileupload/commons-fileupload/1.3.1/commons-fileupload-1.3.1.jar
2017-02-26 18:10:47,654 [Worker-121] INFO  o.e.m.c.i.e.AbstractTransferListenerAdapter - Downloaded https://repo.maven.apache.org/maven2/commons-fileupload/commons-fileupload/1.3.1/commons-fileupload-1.3.1.jar
2017-02-26 18:10:47,742 [Worker-121] INFO  o.e.m.c.i.e.AbstractTransferListenerAdapter - Downloading https://repo.maven.apache.org/maven2/org/infinispan/infinispan-core/8.2.0.Final/infinispan-core-8.2.0.Final.jar
2017-02-26 18:10:48,445 [Worker-121] INFO  o.e.m.c.i.e.AbstractTransferListenerAdapter - Downloaded https://repo.maven.apache.org/maven2/org/infinispan/infinispan-core/8.2.0.Final/infinispan-core-8.2.0.Final.jar
2017-02-26 18:10:48,524 [Worker-121] INFO  o.e.m.c.i.e.AbstractTransferListenerAdapter - Downloading https://repo.maven.apache.org/maven2/org/infinispan/infinispan-commons/8.2.0.Final/infinispan-commons-8.2.0.Final.jar
2017-02-26 18:10:48,686 [Worker-121] INFO  o.e.m.c.i.e.AbstractTransferListenerAdapter - Downloaded https://repo.maven.apache.org/maven2/org/infinispan/infinispan-commons/8.2.0.Final/infinispan-commons-8.2.0.Final.jar
2017-02-26 18:10:48,749 [Worker-121] INFO  o.e.m.c.i.e.AbstractTransferListenerAdapter - Downloading https://repo.maven.apache.org/maven2/org/jgroups/jgroups/3.6.7.Final/jgroups-3.6.7.Final.jar
2017-02-26 18:10:49,191 [Worker-121] INFO  o.e.m.c.i.e.AbstractTransferListenerAdapter - Downloaded https://repo.maven.apache.org/maven2/org/jgroups/jgroups/3.6.7.Final/jgroups-3.6.7.Final.jar
2017-02-26 18:10:49,232 [Worker-121] INFO  o.e.m.c.i.e.AbstractTransferListenerAdapter - Downloading https://repo.maven.apache.org/maven2/org/jboss/spec/javax/transaction/jboss-transaction-api_1.1_spec/1.0.1.Final/jboss-transaction-api_1.1_spec-1.0.1.Final.jar
2017-02-26 18:10:49,267 [Worker-121] INFO  o.e.m.c.i.e.AbstractTransferListenerAdapter - Downloaded https://repo.maven.apache.org/maven2/org/jboss/spec/javax/transaction/jboss-transaction-api_1.1_spec/1.0.1.Final/jboss-transaction-api_1.1_spec-1.0.1.Final.jar
2017-02-26 18:10:49,306 [Worker-121] INFO  o.e.m.c.i.e.AbstractTransferListenerAdapter - Downloading https://repo.maven.apache.org/maven2/org/jboss/marshalling/jboss-marshalling-osgi/1.4.10.Final/jboss-marshalling-osgi-1.4.10.Final.jar
2017-02-26 18:10:49,415 [Worker-121] INFO  o.e.m.c.i.e.AbstractTransferListenerAdapter - Downloaded https://repo.maven.apache.org/maven2/org/jboss/marshalling/jboss-marshalling-osgi/1.4.10.Final/jboss-marshalling-osgi-1.4.10.Final.jar
2017-02-26 18:10:49,465 [Worker-121] INFO  o.e.m.c.i.e.AbstractTransferListenerAdapter - Downloading https://repo.maven.apache.org/maven2/org/jboss/logging/jboss-logging/3.3.0.Final/jboss-logging-3.3.0.Final.jar
2017-02-26 18:10:49,502 [Worker-121] INFO  o.e.m.c.i.e.AbstractTransferListenerAdapter - Downloaded https://repo.maven.apache.org/maven2/org/jboss/logging/jboss-logging/3.3.0.Final/jboss-logging-3.3.0.Final.jar
2017-02-26 18:10:49,558 [Worker-121] INFO  o.e.m.c.i.e.AbstractTransferListenerAdapter - Downloading https://repo.maven.apache.org/maven2/org/infinispan/infinispan-cachestore-jdbc/8.2.0.Final/infinispan-cachestore-jdbc-8.2.0.Final.jar
2017-02-26 18:10:49,707 [Worker-121] INFO  o.e.m.c.i.e.AbstractTransferListenerAdapter - Downloaded https://repo.maven.apache.org/maven2/org/infinispan/infinispan-cachestore-jdbc/8.2.0.Final/infinispan-cachestore-jdbc-8.2.0.Final.jar
2017-02-26 18:10:49,747 [Worker-121] INFO  o.e.m.c.i.e.AbstractTransferListenerAdapter - Downloading https://repo.maven.apache.org/maven2/mysql/mysql-connector-java/5.1.38/mysql-connector-java-5.1.38.jar
2017-02-26 18:10:49,954 [Worker-121] INFO  o.e.m.c.i.e.AbstractTransferListenerAdapter - Downloaded https://repo.maven.apache.org/maven2/mysql/mysql-connector-java/5.1.38/mysql-connector-java-5.1.38.jar
2017-02-26 18:10:50,017 [Worker-121] INFO  o.e.m.c.i.e.AbstractTransferListenerAdapter - Downloading https://repo.maven.apache.org/maven2/xerces/xercesImpl/2.8.1/xercesImpl-2.8.1.jar
2017-02-26 18:10:50,278 [Worker-121] INFO  o.e.m.c.i.e.AbstractTransferListenerAdapter - Downloaded https://repo.maven.apache.org/maven2/xerces/xercesImpl/2.8.1/xercesImpl-2.8.1.jar
2017-02-26 18:10:50,319 [Worker-121] INFO  o.e.m.c.i.e.AbstractTransferListenerAdapter - Downloading https://repo.maven.apache.org/maven2/xml-apis/xml-apis/1.3.03/xml-apis-1.3.03.jar
2017-02-26 18:10:50,378 [Worker-121] INFO  o.e.m.c.i.e.AbstractTransferListenerAdapter - Downloaded https://repo.maven.apache.org/maven2/xml-apis/xml-apis/1.3.03/xml-apis-1.3.03.jar
2017-02-26 18:10:50,416 [Worker-121] INFO  o.e.m.c.i.e.AbstractTransferListenerAdapter - Downloading https://repo.maven.apache.org/maven2/org/apache/poi/poi/3.9/poi-3.9.jar
2017-02-26 18:10:50,754 [Worker-121] INFO  o.e.m.c.i.e.AbstractTransferListenerAdapter - Downloaded https://repo.maven.apache.org/maven2/org/apache/poi/poi/3.9/poi-3.9.jar
2017-02-26 18:10:50,791 [Worker-121] INFO  o.e.m.c.i.e.AbstractTransferListenerAdapter - Downloading https://repo.maven.apache.org/maven2/commons-codec/commons-codec/1.5/commons-codec-1.5.jar
2017-02-26 18:10:50,835 [Worker-121] INFO  o.e.m.c.i.e.AbstractTransferListenerAdapter - Downloaded https://repo.maven.apache.org/maven2/commons-codec/commons-codec/1.5/commons-codec-1.5.jar
2017-02-26 18:10:50,872 [Worker-121] INFO  o.e.m.c.i.e.AbstractTransferListenerAdapter - Downloading https://repo.maven.apache.org/maven2/com/google/code/gson/gson/2.3.1/gson-2.3.1.jar
2017-02-26 18:10:50,931 [Worker-121] INFO  o.e.m.c.i.e.AbstractTransferListenerAdapter - Downloaded https://repo.maven.apache.org/maven2/com/google/code/gson/gson/2.3.1/gson-2.3.1.jar
2017-02-26 18:10:50,968 [Worker-121] INFO  o.e.m.c.i.e.AbstractTransferListenerAdapter - Downloading https://repo.maven.apache.org/maven2/net/jawr/extensions/jawr-spring-extension/3.8/jawr-spring-extension-3.8.jar
2017-02-26 18:10:51,015 [Worker-121] INFO  o.e.m.c.i.e.AbstractTransferListenerAdapter - Downloaded https://repo.maven.apache.org/maven2/net/jawr/extensions/jawr-spring-extension/3.8/jawr-spring-extension-3.8.jar
2017-02-26 18:10:51,068 [Worker-121] INFO  o.e.m.c.i.e.AbstractTransferListenerAdapter - Downloading https://repo.maven.apache.org/maven2/org/slf4j/slf4j-api/1.7.16/slf4j-api-1.7.16.jar
2017-02-26 18:10:51,105 [Worker-121] INFO  o.e.m.c.i.e.AbstractTransferListenerAdapter - Downloaded https://repo.maven.apache.org/maven2/org/slf4j/slf4j-api/1.7.16/slf4j-api-1.7.16.jar
2017-02-26 18:10:51,140 [Worker-121] INFO  o.e.m.c.i.e.AbstractTransferListenerAdapter - Downloading https://repo.maven.apache.org/maven2/org/slf4j/slf4j-log4j12/1.7.16/slf4j-log4j12-1.7.16.jar
2017-02-26 18:10:51,174 [Worker-121] INFO  o.e.m.c.i.e.AbstractTransferListenerAdapter - Downloaded https://repo.maven.apache.org/maven2/org/slf4j/slf4j-log4j12/1.7.16/slf4j-log4j12-1.7.16.jar
2017-02-26 18:10:51,227 [Worker-121] INFO  o.e.m.c.i.e.AbstractTransferListenerAdapter - Downloading https://repo.maven.apache.org/maven2/net/jawr/jawr-core/3.6/jawr-core-3.6.jar
2017-02-26 18:10:51,356 [Worker-121] INFO  o.e.m.c.i.e.AbstractTransferListenerAdapter - Downloaded https://repo.maven.apache.org/maven2/net/jawr/jawr-core/3.6/jawr-core-3.6.jar
2017-02-26 18:10:51,540 [Worker-121] INFO  o.e.m.c.i.e.AbstractTransferListenerAdapter - Downloading https://repo.maven.apache.org/maven2/com/github/dtrunk90/thymeleaf-jawr-extension/1.2.0/thymeleaf-jawr-extension-1.2.0.jar
2017-02-26 18:10:51,620 [Worker-121] INFO  o.e.m.c.i.e.AbstractTransferListenerAdapter - Downloaded https://repo.maven.apache.org/maven2/com/github/dtrunk90/thymeleaf-jawr-extension/1.2.0/thymeleaf-jawr-extension-1.2.0.jar
2017-02-26 18:10:51,666 [Worker-121] INFO  o.e.m.c.i.e.AbstractTransferListenerAdapter - Downloading https://repo.maven.apache.org/maven2/org/thymeleaf/thymeleaf/2.1.4.RELEASE/thymeleaf-2.1.4.RELEASE.jar
2017-02-26 18:10:51,837 [Worker-121] INFO  o.e.m.c.i.e.AbstractTransferListenerAdapter - Downloaded https://repo.maven.apache.org/maven2/org/thymeleaf/thymeleaf/2.1.4.RELEASE/thymeleaf-2.1.4.RELEASE.jar
2017-02-26 18:10:51,893 [Worker-121] INFO  o.e.m.c.i.e.AbstractTransferListenerAdapter - Downloading https://repo.maven.apache.org/maven2/ognl/ognl/3.0.8/ognl-3.0.8.jar
2017-02-26 18:10:51,958 [Worker-121] INFO  o.e.m.c.i.e.AbstractTransferListenerAdapter - Downloaded https://repo.maven.apache.org/maven2/ognl/ognl/3.0.8/ognl-3.0.8.jar
2017-02-26 18:10:51,994 [Worker-121] INFO  o.e.m.c.i.e.AbstractTransferListenerAdapter - Downloading https://repo.maven.apache.org/maven2/org/unbescape/unbescape/1.1.0.RELEASE/unbescape-1.1.0.RELEASE.jar
2017-02-26 18:10:52,058 [Worker-121] INFO  o.e.m.c.i.e.AbstractTransferListenerAdapter - Downloaded https://repo.maven.apache.org/maven2/org/unbescape/unbescape/1.1.0.RELEASE/unbescape-1.1.0.RELEASE.jar
2017-02-26 18:10:52,094 [Worker-121] INFO  o.e.m.c.i.e.AbstractTransferListenerAdapter - Downloading https://repo.maven.apache.org/maven2/org/springframework/boot/spring-boot-starter/1.3.3.RELEASE/spring-boot-starter-1.3.3.RELEASE.jar
2017-02-26 18:10:52,130 [Worker-121] INFO  o.e.m.c.i.e.AbstractTransferListenerAdapter - Downloaded https://repo.maven.apache.org/maven2/org/springframework/boot/spring-boot-starter/1.3.3.RELEASE/spring-boot-starter-1.3.3.RELEASE.jar
2017-02-26 18:10:52,167 [Worker-121] INFO  o.e.m.c.i.e.AbstractTransferListenerAdapter - Downloading https://repo.maven.apache.org/maven2/org/springframework/boot/spring-boot/1.3.3.RELEASE/spring-boot-1.3.3.RELEASE.jar
2017-02-26 18:10:52,306 [Worker-121] INFO  o.e.m.c.i.e.AbstractTransferListenerAdapter - Downloaded https://repo.maven.apache.org/maven2/org/springframework/boot/spring-boot/1.3.3.RELEASE/spring-boot-1.3.3.RELEASE.jar
2017-02-26 18:10:52,348 [Worker-121] INFO  o.e.m.c.i.e.AbstractTransferListenerAdapter - Downloading https://repo.maven.apache.org/maven2/org/springframework/boot/spring-boot-autoconfigure/1.3.3.RELEASE/spring-boot-autoconfigure-1.3.3.RELEASE.jar
2017-02-26 18:10:52,551 [Worker-121] INFO  o.e.m.c.i.e.AbstractTransferListenerAdapter - Downloaded https://repo.maven.apache.org/maven2/org/springframework/boot/spring-boot-autoconfigure/1.3.3.RELEASE/spring-boot-autoconfigure-1.3.3.RELEASE.jar
2017-02-26 18:10:52,589 [Worker-121] INFO  o.e.m.c.i.e.AbstractTransferListenerAdapter - Downloading https://repo.maven.apache.org/maven2/org/yaml/snakeyaml/1.16/snakeyaml-1.16.jar
2017-02-26 18:10:52,672 [Worker-121] INFO  o.e.m.c.i.e.AbstractTransferListenerAdapter - Downloaded https://repo.maven.apache.org/maven2/org/yaml/snakeyaml/1.16/snakeyaml-1.16.jar
2017-02-26 18:10:52,705 [Worker-121] INFO  o.e.m.c.i.e.AbstractTransferListenerAdapter - Downloading https://repo.maven.apache.org/maven2/org/springframework/boot/spring-boot-starter-log4j/1.3.3.RELEASE/spring-boot-starter-log4j-1.3.3.RELEASE.jar
2017-02-26 18:10:52,742 [Worker-121] INFO  o.e.m.c.i.e.AbstractTransferListenerAdapter - Downloaded https://repo.maven.apache.org/maven2/org/springframework/boot/spring-boot-starter-log4j/1.3.3.RELEASE/spring-boot-starter-log4j-1.3.3.RELEASE.jar
2017-02-26 18:10:52,779 [Worker-121] INFO  o.e.m.c.i.e.AbstractTransferListenerAdapter - Downloading https://repo.maven.apache.org/maven2/org/slf4j/jcl-over-slf4j/1.7.16/jcl-over-slf4j-1.7.16.jar
2017-02-26 18:10:52,823 [Worker-121] INFO  o.e.m.c.i.e.AbstractTransferListenerAdapter - Downloaded https://repo.maven.apache.org/maven2/org/slf4j/jcl-over-slf4j/1.7.16/jcl-over-slf4j-1.7.16.jar
2017-02-26 18:10:52,859 [Worker-121] INFO  o.e.m.c.i.e.AbstractTransferListenerAdapter - Downloading https://repo.maven.apache.org/maven2/org/slf4j/jul-to-slf4j/1.7.16/jul-to-slf4j-1.7.16.jar
2017-02-26 18:10:52,895 [Worker-121] INFO  o.e.m.c.i.e.AbstractTransferListenerAdapter - Downloaded https://repo.maven.apache.org/maven2/org/slf4j/jul-to-slf4j/1.7.16/jul-to-slf4j-1.7.16.jar
2017-02-26 18:10:52,934 [Worker-121] INFO  o.e.m.c.i.e.AbstractTransferListenerAdapter - Downloading https://repo.maven.apache.org/maven2/com/googlecode/json-simple/json-simple/1.1.1/json-simple-1.1.1.jar
2017-02-26 18:10:52,970 [Worker-121] INFO  o.e.m.c.i.e.AbstractTransferListenerAdapter - Downloaded https://repo.maven.apache.org/maven2/com/googlecode/json-simple/json-simple/1.1.1/json-simple-1.1.1.jar
2017-02-26 18:10:53,004 [Worker-121] INFO  o.e.m.c.i.e.AbstractTransferListenerAdapter - Downloading https://repo.maven.apache.org/maven2/junit/junit/4.12/junit-4.12.jar
2017-02-26 18:10:53,094 [Worker-121] INFO  o.e.m.c.i.e.AbstractTransferListenerAdapter - Downloaded https://repo.maven.apache.org/maven2/junit/junit/4.12/junit-4.12.jar
2017-02-26 18:10:59,422 [Worker-121] INFO  o.e.m.j.i.AbstractJavaProjectConfigurator - Adding source folder /verifyhcp/src/main/java
2017-02-26 18:10:59,423 [Worker-121] INFO  o.e.m.j.i.AbstractJavaProjectConfigurator - Adding resource folder /verifyhcp/src/main/resources
2017-02-26 18:10:59,432 [Worker-121] INFO  o.e.m.j.i.AbstractJavaProjectConfigurator - Adding resource folder /verifyhcp/src/main/resources
2017-02-26 18:10:59,441 [Worker-121] INFO  o.e.m.j.i.AbstractJavaProjectConfigurator - Adding source folder /verifyhcp/src/test/java
2017-02-26 18:10:59,441 [Worker-121] INFO  o.e.m.j.i.AbstractJavaProjectConfigurator - Adding resource folder /verifyhcp/src/test/resources
2017-02-26 18:10:59,588 [Worker-121] INFO  o.e.m.c.i.p.ProjectConfigurationManager - Imported and configured 1 project(s) in 35 sec
2017-02-26 18:11:00,578 [Worker-151] WARN  o.e.m.c.i.embedder.EclipseLogger - The POM for com.lexisnexis.healthcare.client:mtsauthclient:jar:4.0-SNAPSHOT is missing, no dependency information available
2017-02-26 18:11:00,579 [Worker-151] WARN  o.e.m.c.i.embedder.EclipseLogger - The POM for com.lexisnexis.healthcare.client:genericloggerclient:jar:1.0-SNAPSHOT is missing, no dependency information available
2017-02-26 18:11:00,581 [Worker-151] WARN  o.e.m.c.i.embedder.EclipseLogger - The POM for com.lexisnexis.healthcare:lnhcportalSecurity:jar:5.0.1.SNAPSHOT is missing, no dependency information available
2017-02-26 18:11:00,589 [Worker-151] WARN  o.e.m.c.i.embedder.EclipseLogger - The POM for com.lexisnexis.healthcare:portalthymeleafmenu:jar:1.0.1.SNAPSHOT is missing, no dependency information available
2017-02-26 18:11:00,590 [Worker-151] WARN  o.e.m.c.i.embedder.EclipseLogger - The POM for com.lexisnexis.healthcare:verifyhcphelp:jar:1.0.0-SNAPSHOT is missing, no dependency information available
2017-02-26 18:11:00,590 [Worker-151] WARN  o.e.m.c.i.embedder.EclipseLogger - The POM for com.lexisnexis.healthcare:lnhcverifyhcpdto:jar:2.0-SNAPSHOT is missing, no dependency information available
2017-02-26 18:11:00,591 [Worker-151] WARN  o.e.m.c.i.embedder.EclipseLogger - The POM for com.lexisnexis.healthcare.client:lnhcverifyhcpClient:jar:2.0-SNAPSHOT is missing, no dependency information available
2017-02-26 18:11:00,596 [Worker-151] WARN  o.e.m.c.i.embedder.EclipseLogger - The POM for com.lexisnexis.healthcare:lnhcportalCaptchaUtil:jar:1.0-SNAPSHOT is missing, no dependency information available
2017-02-26 18:11:00,597 [Worker-151] WARN  o.e.m.c.i.embedder.EclipseLogger - The POM for com.lexisnexis.healthcare:mtsdtocommon:jar:4.0-SNAPSHOT is missing, no dependency information available
2017-02-26 18:11:00,644 [Worker-151] INFO  o.e.m.c.i.embedder.EclipseLogger - Using 'UTF-8' encoding to copy filtered resources.
2017-02-26 18:11:00,670 [Worker-151] INFO  o.e.m.c.i.embedder.EclipseLogger - Copying 588 resources
2017-02-26 18:11:01,939 [Worker-151] INFO  o.e.m.c.i.embedder.EclipseLogger - Copying 23 resources
2017-02-26 18:11:01,979 [Worker-151] INFO  o.e.m.c.i.embedder.EclipseLogger - Using 'UTF-8' encoding to copy filtered resources.
2017-02-26 18:11:01,979 [Worker-151] INFO  o.e.m.c.i.embedder.EclipseLogger - Copying 0 resource
2017-02-26 18:42:26,328 [Worker-162] INFO  o.e.m.c.i.embedder.EclipseLogger - Using 'UTF-8' encoding to copy filtered resources.
2017-02-26 18:42:26,334 [Worker-162] INFO  o.e.m.c.i.embedder.EclipseLogger - Copying 1 resource
2017-02-26 18:42:26,335 [Worker-162] INFO  o.e.m.c.i.embedder.EclipseLogger - Copying 0 resource
2017-02-26 18:42:26,339 [Worker-162] INFO  o.e.m.c.i.embedder.EclipseLogger - Using 'UTF-8' encoding to copy filtered resources.
2017-02-26 18:42:26,339 [Worker-162] INFO  o.e.m.c.i.embedder.EclipseLogger - Copying 0 resource
2017-02-26 18:42:53,805 [Worker-155] INFO  o.e.m.c.i.embedder.EclipseLogger - Using 'UTF-8' encoding to copy filtered resources.
2017-02-26 18:42:53,806 [Worker-155] INFO  o.e.m.c.i.embedder.EclipseLogger - Copying 1 resource
2017-02-26 18:42:53,807 [Worker-155] INFO  o.e.m.c.i.embedder.EclipseLogger - Copying 0 resource
2017-02-26 18:42:53,809 [Worker-155] INFO  o.e.m.c.i.embedder.EclipseLogger - Using 'UTF-8' encoding to copy filtered resources.
2017-02-26 18:42:53,810 [Worker-155] INFO  o.e.m.c.i.embedder.EclipseLogger - Copying 0 resource
2017-02-26 18:44:00,321 [Worker-160] INFO  o.e.m.c.i.embedder.EclipseLogger - Using 'UTF-8' encoding to copy filtered resources.
2017-02-26 18:44:00,321 [Worker-160] INFO  o.e.m.c.i.embedder.EclipseLogger - Copying 1 resource
2017-02-26 18:44:00,322 [Worker-160] INFO  o.e.m.c.i.embedder.EclipseLogger - Copying 0 resource
2017-02-26 18:44:00,324 [Worker-160] INFO  o.e.m.c.i.embedder.EclipseLogger - Using 'UTF-8' encoding to copy filtered resources.
2017-02-26 18:44:00,324 [Worker-160] INFO  o.e.m.c.i.embedder.EclipseLogger - Copying 0 resource
2017-02-26 18:55:44,379 [Worker-170] INFO  o.e.m.c.i.embedder.EclipseLogger - Using 'UTF-8' encoding to copy filtered resources.
2017-02-26 18:55:44,380 [Worker-170] INFO  o.e.m.c.i.embedder.EclipseLogger - Copying 0 resource
2017-02-26 18:55:44,380 [Worker-170] INFO  o.e.m.c.i.embedder.EclipseLogger - Copying 0 resource
2017-02-26 18:55:44,382 [Worker-170] INFO  o.e.m.c.i.embedder.EclipseLogger - Using 'UTF-8' encoding to copy filtered resources.
2017-02-26 18:55:44,382 [Worker-170] INFO  o.e.m.c.i.embedder.EclipseLogger - Copying 0 resource
2017-02-26 18:56:34,575 [Worker-169] INFO  o.e.m.c.i.embedder.EclipseLogger - Using 'UTF-8' encoding to copy filtered resources.
2017-02-26 18:56:34,576 [Worker-169] INFO  o.e.m.c.i.embedder.EclipseLogger - Copying 0 resource
2017-02-26 18:56:34,576 [Worker-169] INFO  o.e.m.c.i.embedder.EclipseLogger - Copying 0 resource
2017-02-26 18:56:34,578 [Worker-169] INFO  o.e.m.c.i.embedder.EclipseLogger - Using 'UTF-8' encoding to copy filtered resources.
2017-02-26 18:56:34,579 [Worker-169] INFO  o.e.m.c.i.embedder.EclipseLogger - Copying 0 resource
2017-02-26 19:29:46,989 [Worker-184] INFO  o.e.m.c.i.embedder.EclipseLogger - Using 'UTF-8' encoding to copy filtered resources.
2017-02-26 19:29:46,989 [Worker-184] INFO  o.e.m.c.i.embedder.EclipseLogger - Copying 0 resource
2017-02-26 19:29:46,990 [Worker-184] INFO  o.e.m.c.i.embedder.EclipseLogger - Copying 0 resource
2017-02-26 19:29:46,992 [Worker-184] INFO  o.e.m.c.i.embedder.EclipseLogger - Using 'UTF-8' encoding to copy filtered resources.
2017-02-26 19:29:46,992 [Worker-184] INFO  o.e.m.c.i.embedder.EclipseLogger - Copying 0 resource
2017-02-26 19:29:58,006 [Worker-182] INFO  o.e.m.c.i.embedder.EclipseLogger - Using 'UTF-8' encoding to copy filtered resources.
2017-02-26 19:29:58,007 [Worker-182] INFO  o.e.m.c.i.embedder.EclipseLogger - Copying 0 resource
2017-02-26 19:29:58,007 [Worker-182] INFO  o.e.m.c.i.embedder.EclipseLogger - Copying 0 resource
2017-02-26 19:29:58,010 [Worker-182] INFO  o.e.m.c.i.embedder.EclipseLogger - Using 'UTF-8' encoding to copy filtered resources.
2017-02-26 19:29:58,010 [Worker-182] INFO  o.e.m.c.i.embedder.EclipseLogger - Copying 0 resource
2017-02-26 19:39:40,004 [Worker-191] INFO  o.e.m.c.i.embedder.EclipseLogger - Using 'UTF-8' encoding to copy filtered resources.
2017-02-26 19:39:40,004 [Worker-191] INFO  o.e.m.c.i.embedder.EclipseLogger - Copying 0 resource
2017-02-26 19:39:40,004 [Worker-191] INFO  o.e.m.c.i.embedder.EclipseLogger - Copying 0 resource
2017-02-26 19:39:40,007 [Worker-191] INFO  o.e.m.c.i.embedder.EclipseLogger - Using 'UTF-8' encoding to copy filtered resources.
2017-02-26 19:39:40,008 [Worker-191] INFO  o.e.m.c.i.embedder.EclipseLogger - Copying 0 resource
2017-02-26 19:41:48,048 [Worker-189] INFO  o.e.m.c.i.embedder.EclipseLogger - Using 'UTF-8' encoding to copy filtered resources.
2017-02-26 19:41:48,049 [Worker-189] INFO  o.e.m.c.i.embedder.EclipseLogger - Copying 0 resource
2017-02-26 19:41:48,049 [Worker-189] INFO  o.e.m.c.i.embedder.EclipseLogger - Copying 0 resource
2017-02-26 19:41:48,051 [Worker-189] INFO  o.e.m.c.i.embedder.EclipseLogger - Using 'UTF-8' encoding to copy filtered resources.
2017-02-26 19:41:48,052 [Worker-189] INFO  o.e.m.c.i.embedder.EclipseLogger - Copying 0 resource
2017-02-26 20:32:44,337 [Worker-226] INFO  o.e.m.c.i.embedder.EclipseLogger - Using 'UTF-8' encoding to copy filtered resources.
2017-02-26 20:32:44,337 [Worker-226] INFO  o.e.m.c.i.embedder.EclipseLogger - Copying 0 resource
2017-02-26 20:32:44,337 [Worker-226] INFO  o.e.m.c.i.embedder.EclipseLogger - Copying 0 resource
2017-02-26 20:32:44,339 [Worker-226] INFO  o.e.m.c.i.embedder.EclipseLogger - Using 'UTF-8' encoding to copy filtered resources.
2017-02-26 20:32:44,339 [Worker-226] INFO  o.e.m.c.i.embedder.EclipseLogger - Copying 0 resource
2017-02-26 20:48:21,911 [Worker-230] INFO  o.e.m.c.i.embedder.EclipseLogger - Using 'UTF-8' encoding to copy filtered resources.
2017-02-26 20:48:21,912 [Worker-230] INFO  o.e.m.c.i.embedder.EclipseLogger - Copying 0 resource
2017-02-26 20:48:21,912 [Worker-230] INFO  o.e.m.c.i.embedder.EclipseLogger - Copying 0 resource
2017-02-26 20:48:21,914 [Worker-230] INFO  o.e.m.c.i.embedder.EclipseLogger - Using 'UTF-8' encoding to copy filtered resources.
2017-02-26 20:48:21,914 [Worker-230] INFO  o.e.m.c.i.embedder.EclipseLogger - Copying 0 resource
2017-02-26 20:52:01,628 [Worker-231] INFO  o.e.m.c.i.embedder.EclipseLogger - Using 'UTF-8' encoding to copy filtered resources.
2017-02-26 20:52:01,628 [Worker-231] INFO  o.e.m.c.i.embedder.EclipseLogger - Copying 0 resource
2017-02-26 20:52:01,629 [Worker-231] INFO  o.e.m.c.i.embedder.EclipseLogger - Copying 0 resource
2017-02-26 20:52:01,631 [Worker-231] INFO  o.e.m.c.i.embedder.EclipseLogger - Using 'UTF-8' encoding to copy filtered resources.
2017-02-26 20:52:01,631 [Worker-231] INFO  o.e.m.c.i.embedder.EclipseLogger - Copying 0 resource
2017-02-26 20:52:31,570 [Worker-231] INFO  o.e.m.c.i.embedder.EclipseLogger - Using 'UTF-8' encoding to copy filtered resources.
2017-02-26 20:52:31,570 [Worker-231] INFO  o.e.m.c.i.embedder.EclipseLogger - Copying 0 resource
2017-02-26 20:52:31,571 [Worker-231] INFO  o.e.m.c.i.embedder.EclipseLogger - Copying 0 resource
2017-02-26 20:52:31,572 [Worker-231] INFO  o.e.m.c.i.embedder.EclipseLogger - Using 'UTF-8' encoding to copy filtered resources.
2017-02-26 20:52:31,573 [Worker-231] INFO  o.e.m.c.i.embedder.EclipseLogger - Copying 0 resource
2017-02-26 20:56:36,042 [Worker-232] INFO  o.e.m.c.i.embedder.EclipseLogger - Using 'UTF-8' encoding to copy filtered resources.
2017-02-26 20:56:36,043 [Worker-232] INFO  o.e.m.c.i.embedder.EclipseLogger - Copying 0 resource
2017-02-26 20:56:36,043 [Worker-232] INFO  o.e.m.c.i.embedder.EclipseLogger - Copying 0 resource
2017-02-26 20:56:36,044 [Worker-232] INFO  o.e.m.c.i.embedder.EclipseLogger - Using 'UTF-8' encoding to copy filtered resources.
2017-02-26 20:56:36,044 [Worker-232] INFO  o.e.m.c.i.embedder.EclipseLogger - Copying 0 resource
2017-02-26 23:44:38,557 [Worker-273] INFO  o.e.m.c.i.embedder.EclipseLogger - Using 'UTF-8' encoding to copy filtered resources.
2017-02-26 23:44:38,558 [Worker-273] INFO  o.e.m.c.i.embedder.EclipseLogger - Copying 0 resource
2017-02-26 23:44:38,558 [Worker-273] INFO  o.e.m.c.i.embedder.EclipseLogger - Copying 0 resource
2017-02-26 23:44:38,560 [Worker-273] INFO  o.e.m.c.i.embedder.EclipseLogger - Using 'UTF-8' encoding to copy filtered resources.
2017-02-26 23:44:38,560 [Worker-273] INFO  o.e.m.c.i.embedder.EclipseLogger - Copying 0 resource
2017-02-28 08:13:50,809 [Worker-596] INFO  o.e.m.c.i.embedder.EclipseLogger - Using 'UTF-8' encoding to copy filtered resources.
2017-02-28 08:13:50,810 [Worker-596] INFO  o.e.m.c.i.embedder.EclipseLogger - Copying 0 resource
2017-02-28 08:13:50,810 [Worker-596] INFO  o.e.m.c.i.embedder.EclipseLogger - Copying 0 resource
2017-02-28 08:13:50,814 [Worker-596] INFO  o.e.m.c.i.embedder.EclipseLogger - Using 'UTF-8' encoding to copy filtered resources.
2017-02-28 08:13:50,814 [Worker-596] INFO  o.e.m.c.i.embedder.EclipseLogger - Copying 0 resource
2017-02-28 08:13:51,843 [Worker-599] INFO  o.e.m.c.i.embedder.EclipseLogger - Using 'UTF-8' encoding to copy filtered resources.
2017-02-28 08:13:51,844 [Worker-599] INFO  o.e.m.c.i.embedder.EclipseLogger - Copying 0 resource
2017-02-28 08:13:51,844 [Worker-599] INFO  o.e.m.c.i.embedder.EclipseLogger - Copying 0 resource
2017-02-28 08:13:51,846 [Worker-599] INFO  o.e.m.c.i.embedder.EclipseLogger - Using 'UTF-8' encoding to copy filtered resources.
2017-02-28 08:13:51,846 [Worker-599] INFO  o.e.m.c.i.embedder.EclipseLogger - Copying 0 resource
